number,value,datetime_start,datetime_complete,duration,params_colsample_bytree,params_learning_rate,params_max_depth,params_min_child_samples,params_min_split_gain,params_n_estimators,params_num_leaves,params_reg_alpha,params_reg_lambda,params_subsample,user_attrs_fold_metrics,system_attrs_tpe:relative_params:0,state
27,0.2351313518412907,2026-09-16 01:10:43.361428,2026-09-16 01:10:45.962522,0 days 00:00:02.601094,0.7907464055371564,0.027951635064492414,4,96,0.0008403704982767554,480,10,1.8102059189787027e-05,7.514182602709912,0.7767335768434953,"[{'fold': 1, 'adjusted_sharpe': 1.1211308562034468, 'raw_sharpe': 1.1211308562034468, 'strategy_volatility': 0.1578175082486844, 'market_volatility': 0.18405361319648608, 'cumulative_return': 0.1363778376089009, 'max_drawdown': 0.09024348638752844, 'volatility_penalty': 1.0, 'return_penalty': 1.0, 'metric_errors': [], 'r2': 0.015449697398120521, 'spearman': 0.14883998477319257, 'rmse': 0.011472804668513649, 'train_end': 7966, 'inner_train_end': 7785, 'stopping_start': 7787, 'stopping_end': 7966, 'validation_start': 7968, 'validation_end': 8147, 'best_iteration': 89, 'prediction_constant': False, 'allocation_mean': 0.5888888888888889}, {'fold': 2, 'adjusted_sharpe': -0.1735906521285339, 'raw_sharpe': -0.1735906521285339, 'strategy_volatility': 0.18837133188939964, 'market_volatility': 0.24061547890237955, 'cumulative_return': -0.0025188629598079885, 'max_drawdown': 0.13190180926497388, 'volatility_penalty': 1.0, 'return_penalty': 1.0, 'metric_errors': [], 'r2': -0.0017238987388634719, 'spearman': 0.028574956017161025, 'rmse': 0.01514312600602193, 'train_end': 8146, 'inner_train_end': 7965, 'stopping_start': 7967, 'stopping_end': 8146, 'validation_start': 8148, 'validation_end': 8327, 'best_iteration': 43, 'prediction_constant': False, 'allocation_mean': 0.5055555555555555}, {'fold': 3, 'adjusted_sharpe': -0.1477195057464118, 'raw_sharpe': -0.27244301459393866, 'strategy_volatility': 0.04706537319908445, 'market_volatility': 0.12971198860867603, 'cumulative_return': 0.02703312112842172, 'max_drawdown': 0.03229344887179893, 'volatility_penalty': 1.0, 'return_penalty': 1.8443266054629113, 'metric_errors': [], 'r2': 0.002470164542495823, 'spearman': 0.14675555829912446, 'rmse': 0.008138685228082804, 'train_end': 8326, 'inner_train_end': 8145, 'stopping_start': 8147, 'stopping_end': 8326, 'validation_start': 8328, 'validation_end': 8507, 'best_iteration': 162, 'prediction_constant': False, 'allocation_mean': 0.08888888888888889}, {'fold': 4, 'adjusted_sharpe': 0.31247309347760016, 'raw_sharpe': 1.4829448914312326, 'strategy_volatility': 0.05656810777088172, 'market_volatility': 0.1112305968042878, 'cumulative_return': 0.10221069269231017, 'max_drawdown': 0.03470473643826191, 'volatility_penalty': 1.0, 'return_penalty': 4.745832272875484, 'metric_errors': [], 'r2': -0.01753721031059574, 'spearman': 0.15807349069524215, 'rmse': 0.00704840100617881, 'train_end': 8506, 'inner_train_end': 8325, 'stopping_start': 8327, 'stopping_end': 8506, 'validation_start': 8508, 'validation_end': 8687, 'best_iteration': 69, 'prediction_constant': False, 'allocation_mean': 0.1388888888888889}, {'fold': 5, 'adjusted_sharpe': 0.06336296740035224, 'raw_sharpe': 0.06424330336816203, 'strategy_volatility': 0.14645492748165193, 'market_volatility': 0.1478664678841467, 'cumulative_return': 0.04002071286374537, 'max_drawdown': 0.10035402840141124, 'volatility_penalty': 1.0, 'return_penalty': 1.013893540721467, 'metric_errors': [], 'r2': -0.0014110837687524302, 'spearman': 0.07129273699218572, 'rmse': 0.009294605189408651, 'train_end': 8686, 'inner_train_end': 8505, 'stopping_start': 8507, 'stopping_end': 8686, 'validation_start': 8688, 'validation_end': 8867, 'best_iteration': 12, 'prediction_constant': False, 'allocation_mean': 0.9222222222222223}]","{""colsample_bytree"": 0.7907464055371564, ""learning_rate"": 0.027951635064492414, ""max_depth"": 4, ""min_child_samples"": 96, ""min_split_gain"": 0.0008403704982767554, ""n_estimators"": 480, ""reg_alpha"": 1.8102059189787027e-05, ""reg_lambda"": 7.514182602709912, ""subsample"": 0.7767335768434953}",COMPLETE
28,0.2010393483779244,2026-09-16 01:10:45.977265,2026-09-16 01:10:48.231341,0 days 00:00:02.254076,0.7313053656084376,0.027738148994349083,8,79,0.0008468571708878035,752,102,0.00017556527808556887,0.749400844476921,0.746603431195654,"[{'fold': 1, 'adjusted_sharpe': -0.32720788472434675, 'raw_sharpe': -0.33754679999349546, 'strategy_volatility': 0.1605775103381678, 'market_volatility': 0.18405361319648608, 'cumulative_return': -0.03652594187704657, 'max_drawdown': 0.1477140170263445, 'volatility_penalty': 1.0, 'return_penalty': 1.031597390380304, 'metric_errors': [], 'r2': 0.010436915083065212, 'spearman': 0.06870170890048047, 'rmse': 0.01150197415577731, 'train_end': 7966, 'inner_train_end': 7785, 'stopping_start': 7787, 'stopping_end': 7966, 'validation_start': 7968, 'validation_end': 8147, 'best_iteration': 109, 'prediction_constant': False, 'allocation_mean': 0.6611111111111111}, {'fold': 2, 'adjusted_sharpe': 0.04946989750217456, 'raw_sharpe': 0.04946989750217456, 'strategy_volatility': 0.17045800543543682, 'market_volatility': 0.24061547890237955, 'cumulative_return': 0.027222840000184854, 'max_drawdown': 0.12286031849422843, 'volatility_penalty': 1.0, 'return_penalty': 1.0, 'metric_errors': [], 'r2': -0.0031654329556347616, 'spearman': 0.02492257991501795, 'rmse': 0.015154017972643203, 'train_end': 8146, 'inner_train_end': 7965, 'stopping_start': 7967, 'stopping_end': 8146, 'validation_start': 8148, 'validation_end': 8327, 'best_iteration': 62, 'prediction_constant': False, 'allocation_mean': 0.35}, {'fold': 3, 'adjusted_sharpe': -0.2946965448143618, 'raw_sharpe': -0.5702749412755646, 'strategy_volatility': 0.030927710039310406, 'market_volatility': 0.12971198860867603, 'cumulative_return': 0.02350748010683305, 'max_drawdown': 0.024132392714132415, 'volatility_penalty': 1.0, 'return_penalty': 1.9351259840348582, 'metric_errors': [], 'r2': 0.0023151889288474115, 'spearman': 0.11731347260753386, 'rmse': 0.008139317414062552, 'train_end': 8326, 'inner_train_end': 8145, 'stopping_start': 8147, 'stopping_end': 8326, 'validation_start': 8328, 'validation_end': 8507, 'best_iteration': 45, 'prediction_constant': False, 'allocation_mean': 0.03888888888888889}, {'fold': 4, 'adjusted_sharpe': 1.0856662437305913, 'raw_sharpe': 2.2224925044887787, 'strategy_volatility': 0.0787853626444572, 'market_volatility': 0.1112305968042878, 'cumulative_return': 0.17635766344541076, 'max_drawdown': 0.03368726061869299, 'volatility_penalty': 1.0, 'return_penalty': 2.047123153476522, 'metric_errors': [], 'r2': -0.013698328968855034, 'spearman': 0.04275352937183649, 'rmse': 0.007035092626091064, 'train_end': 8506, 'inner_train_end': 8325, 'stopping_start': 8327, 'stopping_end': 8506, 'validation_start': 8508, 'validation_end': 8687, 'best_iteration': 5, 'prediction_constant': False, 'allocation_mean': 0.46111111111111114}, {'fold': 5, 'adjusted_sharpe': 0.4919650301955647, 'raw_sharpe': 0.4919650301955647, 'strategy_volatility': 0.14405098468319957, 'market_volatility': 0.1478664678841467, 'cumulative_return': 0.08667678042967422, 'max_drawdown': 0.10035402840141125, 'volatility_penalty': 1.0, 'return_penalty': 1.0, 'metric_errors': [], 'r2': 0.00015175181060811394, 'spearman': 0.05144721427840498, 'rmse': 0.009287349621857528, 'train_end': 8686, 'inner_train_end': 8505, 'stopping_start': 8507, 'stopping_end': 8686, 'validation_start': 8688, 'validation_end': 8867, 'best_iteration': 1, 'prediction_constant': False, 'allocation_mean': 0.9444444444444444}]","{""colsample_bytree"": 0.7313053656084376, ""learning_rate"": 0.027738148994349083, ""max_depth"": 8, ""min_child_samples"": 79, ""min_split_gain"": 0.0008468571708878035, ""n_estimators"": 752, ""reg_alpha"": 0.00017556527808556887, ""reg_lambda"": 0.749400844476921, ""subsample"": 0.746603431195654}",COMPLETE
29,-0.32119403660896045,2026-09-16 01:10:48.246932,2026-09-16 01:10:50.275887,0 days 00:00:02.028955,0.8307515211430382,0.04793895225658246,7,21,0.0008040171509469618,363,29,3.994999316003343e-05,0.12473530322340697,0.7291206487245319,"[{'fold': 1, 'adjusted_sharpe': -0.28937014211790013, 'raw_sharpe': -0.29137205632495583, 'strategy_volatility': 0.1535642407706534, 'market_volatility': 0.18405361319648608, 'cumulative_return': -0.029992896285727287, 'max_drawdown': 0.14928581497019772, 'volatility_penalty': 1.0, 'return_penalty': 1.0069181781935195, 'metric_errors': [], 'r2': -0.004676103114306551, 'spearman': -0.016285316792863994, 'rmse': 0.011589472804625677, 'train_end': 7966, 'inner_train_end': 7785, 'stopping_start': 7787, 'stopping_end': 7966, 'validation_start': 7968, 'validation_end': 8147, 'best_iteration': 26, 'prediction_constant': False, 'allocation_mean': 0.5277777777777778}, {'fold': 2, 'adjusted_sharpe': -0.47438354325426146, 'raw_sharpe': -1.927418595622606, 'strategy_volatility': 0.15268949977595112, 'market_volatility': 0.24061547890237955, 'cumulative_return': -0.17261191866435968, 'max_drawdown': 0.2180260887847602, 'volatility_penalty': 1.0, 'return_penalty': 4.06299633077605, 'metric_errors': [], 'r2': -0.012535482552273436, 'spearman': -0.05309014326067518, 'rmse': 0.01522462639971953, 'train_end': 8146, 'inner_train_end': 7965, 'stopping_start': 7967, 'stopping_end': 8146, 'validation_start': 8148, 'validation_end': 8327, 'best_iteration': 32, 'prediction_constant': False, 'allocation_mean': 0.29444444444444445}, {'fold': 3, 'adjusted_sharpe': -0.5461052269235047, 'raw_sharpe': -1.1545858844914054, 'strategy_volatility': 0.022944974928343038, 'market_volatility': 0.12971198860867603, 'cumulative_return': 0.017054937343316885, 'max_drawdown': 0.01704645, 'volatility_penalty': 1.0, 'return_penalty': 2.1142187028602333, 'metric_errors': [], 'r2': -0.009778755035963371, 'spearman': -0.0178600625088861, 'rmse': 0.00818850124959995, 'train_end': 8326, 'inner_train_end': 8145, 'stopping_start': 8147, 'stopping_end': 8326, 'validation_start': 8328, 'validation_end': 8507, 'best_iteration': 14, 'prediction_constant': False, 'allocation_mean': 0.027777777777777776}, {'fold': 4, 'adjusted_sharpe': 0.0, 'raw_sharpe': 0.0, 'strategy_volatility': 1.8982396541188566e-05, 'market_volatility': 0.1112305968042878, 'cumulative_return': 0.03812951844973662, 'max_drawdown': -0.0, 'volatility_penalty': 1.0, 'return_penalty': 8.696680208991754, 'metric_errors': [], 'r2': -0.012971265191105141, 'spearman': 0.10998955984060978, 'rmse': 0.007032569252831714, 'train_end': 8506, 'inner_train_end': 8325, 'stopping_start': 8327, 'stopping_end': 8506, 'validation_start': 8508, 'validation_end': 8687, 'best_iteration': 2, 'prediction_constant': False, 'allocation_mean': 0.0}, {'fold': 5, 'adjusted_sharpe': -0.296111270749136, 'raw_sharpe': -0.5569568726001644, 'strategy_volatility': 0.13046010344722536, 'market_volatility': 0.1478664678841467, 'cumulative_return': -0.01919032323411889, 'max_drawdown': 0.09001706166398966, 'volatility_penalty': 1.0, 'return_penalty': 1.8809039966331285, 'metric_errors': [], 'r2': -0.0020535757356163753, 'spearman': -0.04348244528051222, 'rmse': 0.009297586358546429, 'train_end': 8686, 'inner_train_end': 8505, 'stopping_start': 8507, 'stopping_end': 8686, 'validation_start': 8688, 'validation_end': 8867, 'best_iteration': 7, 'prediction_constant': False, 'allocation_mean': 0.8611111111111112}]","{""colsample_bytree"": 0.8307515211430382, ""learning_rate"": 0.04793895225658246, ""max_depth"": 7, ""min_child_samples"": 21, ""min_split_gain"": 0.0008040171509469618, ""n_estimators"": 363, ""reg_alpha"": 3.994999316003343e-05, ""reg_lambda"": 0.12473530322340697, ""subsample"": 0.7291206487245319}",COMPLETE
