number,value,datetime_start,datetime_complete,duration,params_colsample_bytree,params_learning_rate,params_max_depth,params_min_child_samples,params_min_split_gain,params_n_estimators,params_num_leaves,params_reg_alpha,params_reg_lambda,params_subsample,user_attrs_fold_metrics,system_attrs_tpe:relative_params:0,state
17,0.2498624150221851,2026-09-16 01:10:18.869154,2026-09-16 01:10:21.055096,0 days 00:00:02.185942,0.8175543749439242,0.03568068344150801,7,117,0.0008054839408305578,671,62,0.0003408320005218741,0.06094090089075918,0.819652279172628,"[{'fold': 1, 'adjusted_sharpe': 0.4332394990206, 'raw_sharpe': 0.4332394990206, 'strategy_volatility': 0.16794687735776057, 'market_volatility': 0.18405361319648608, 'cumulative_return': 0.05493042590149248, 'max_drawdown': 0.10225153680170465, 'volatility_penalty': 1.0, 'return_penalty': 1.0, 'metric_errors': [], 'r2': 0.01473026945617606, 'spearman': 0.1372201028047759, 'rmse': 0.01147699559150201, 'train_end': 7966, 'inner_train_end': 7785, 'stopping_start': 7787, 'stopping_end': 7966, 'validation_start': 7968, 'validation_end': 8147, 'best_iteration': 33, 'prediction_constant': False, 'allocation_mean': 0.6777777777777778}, {'fold': 2, 'adjusted_sharpe': -0.47808993175476333, 'raw_sharpe': -0.47808993175476333, 'strategy_volatility': 0.16591109053220138, 'market_volatility': 0.24061547890237955, 'cumulative_return': -0.0351862231112473, 'max_drawdown': 0.1240709324088849, 'volatility_penalty': 1.0, 'return_penalty': 1.0, 'metric_errors': [], 'r2': -0.0022371531522991095, 'spearman': 0.032700597755074744, 'rmse': 0.015147004959567934, 'train_end': 8146, 'inner_train_end': 7965, 'stopping_start': 7967, 'stopping_end': 8146, 'validation_start': 8148, 'validation_end': 8327, 'best_iteration': 71, 'prediction_constant': False, 'allocation_mean': 0.36666666666666664}, {'fold': 3, 'adjusted_sharpe': 0.6920162961326157, 'raw_sharpe': 0.8299120234466567, 'strategy_volatility': 0.04148069532707887, 'market_volatility': 0.12971198860867603, 'cumulative_return': 0.06227718955193018, 'max_drawdown': 0.017046450000000005, 'volatility_penalty': 1.0, 'return_penalty': 1.1992665896521244, 'metric_errors': [], 'r2': -0.0033218757998250137, 'spearman': 0.02597613709903645, 'rmse': 0.008162279190793488, 'train_end': 8326, 'inner_train_end': 8145, 'stopping_start': 8147, 'stopping_end': 8326, 'validation_start': 8328, 'validation_end': 8507, 'best_iteration': 74, 'prediction_constant': False, 'allocation_mean': 0.06666666666666667}, {'fold': 4, 'adjusted_sharpe': 0.9507254813680894, 'raw_sharpe': 2.3492073834507243, 'strategy_volatility': 0.06646737777087494, 'market_volatility': 0.1112305968042878, 'cumulative_return': 0.16055225833990594, 'max_drawdown': 0.0523406799840494, 'volatility_penalty': 1.0, 'return_penalty': 2.470962890434183, 'metric_errors': [], 'r2': -0.010793376690599876, 'spearman': 0.08606934767411736, 'rmse': 0.007025005172030154, 'train_end': 8506, 'inner_train_end': 8325, 'stopping_start': 8327, 'stopping_end': 8506, 'validation_start': 8508, 'validation_end': 8687, 'best_iteration': 7, 'prediction_constant': False, 'allocation_mean': 0.4}, {'fold': 5, 'adjusted_sharpe': -0.3485792696556162, 'raw_sharpe': -0.9275619405934381, 'strategy_volatility': 0.11609264585074791, 'market_volatility': 0.1478664678841467, 'cumulative_return': -0.04342636975169727, 'max_drawdown': 0.09770296213547808, 'volatility_penalty': 1.0, 'return_penalty': 2.66097849568001, 'metric_errors': [], 'r2': -0.004202339230877206, 'spearman': -0.09266448594118289, 'rmse': 0.00930754970578592, 'train_end': 8686, 'inner_train_end': 8505, 'stopping_start': 8507, 'stopping_end': 8686, 'validation_start': 8688, 'validation_end': 8867, 'best_iteration': 21, 'prediction_constant': False, 'allocation_mean': 0.42777777777777776}]","{""colsample_bytree"": 0.8175543749439242, ""learning_rate"": 0.03568068344150801, ""max_depth"": 7, ""min_child_samples"": 117, ""min_split_gain"": 0.0008054839408305578, ""n_estimators"": 671, ""reg_alpha"": 0.0003408320005218741, ""reg_lambda"": 0.06094090089075918, ""subsample"": 0.819652279172628}",COMPLETE
18,0.4236393059072846,2026-09-16 01:10:21.066051,2026-09-16 01:10:23.450675,0 days 00:00:02.384624,0.8959465154584296,0.038595354478930206,6,113,0.0007388175526991978,413,28,2.31280343037368e-05,3.462369910668413,0.7222612331610884,"[{'fold': 1, 'adjusted_sharpe': 0.10507008239865862, 'raw_sharpe': 0.10507008239865862, 'strategy_volatility': 0.15577685483975284, 'market_volatility': 0.18405361319648608, 'cumulative_return': 0.013288888272033584, 'max_drawdown': 0.13446996231698552, 'volatility_penalty': 1.0, 'return_penalty': 1.0, 'metric_errors': [], 'r2': 0.01252939110255924, 'spearman': 0.07393643836743932, 'rmse': 0.01148980699738946, 'train_end': 7966, 'inner_train_end': 7785, 'stopping_start': 7787, 'stopping_end': 7966, 'validation_start': 7968, 'validation_end': 8147, 'best_iteration': 101, 'prediction_constant': False, 'allocation_mean': 0.5944444444444444}, {'fold': 2, 'adjusted_sharpe': -0.15138602588127106, 'raw_sharpe': -0.15138602588127106, 'strategy_volatility': 0.1495071802533573, 'market_volatility': 0.24061547890237955, 'cumulative_return': 0.004682327258662385, 'max_drawdown': 0.13529938514266573, 'volatility_penalty': 1.0, 'return_penalty': 1.0, 'metric_errors': [], 'r2': -0.002298384241238516, 'spearman': 0.0405033077152587, 'rmse': 0.015147467651177195, 'train_end': 8146, 'inner_train_end': 7965, 'stopping_start': 7967, 'stopping_end': 8146, 'validation_start': 8148, 'validation_end': 8327, 'best_iteration': 58, 'prediction_constant': False, 'allocation_mean': 0.32222222222222224}, {'fold': 3, 'adjusted_sharpe': 0.765091068683705, 'raw_sharpe': 1.0196974296145869, 'strategy_volatility': 0.020964650647913054, 'market_volatility': 0.12971198860867603, 'cumulative_return': 0.05242568396206678, 'max_drawdown': 0.009072478879666697, 'volatility_penalty': 1.0, 'return_penalty': 1.3327791570863812, 'metric_errors': [], 'r2': 0.0044907486973913, 'spearman': 0.15643281171229562, 'rmse': 0.00813043823941162, 'train_end': 8326, 'inner_train_end': 8145, 'stopping_start': 8147, 'stopping_end': 8326, 'validation_start': 8328, 'validation_end': 8507, 'best_iteration': 44, 'prediction_constant': False, 'allocation_mean': 0.044444444444444446}, {'fold': 4, 'adjusted_sharpe': 0.49212909115564724, 'raw_sharpe': 1.6314982631397565, 'strategy_volatility': 0.07678319030094287, 'market_volatility': 0.1112305968042878, 'cumulative_return': 0.13525800193651807, 'max_drawdown': 0.047012423116486596, 'volatility_penalty': 1.0, 'return_penalty': 3.3151835411895156, 'metric_errors': [], 'r2': -0.020443614894525952, 'spearman': -0.005911708134875386, 'rmse': 0.007058460047454087, 'train_end': 8506, 'inner_train_end': 8325, 'stopping_start': 8327, 'stopping_end': 8506, 'validation_start': 8508, 'validation_end': 8687, 'best_iteration': 60, 'prediction_constant': False, 'allocation_mean': 0.39444444444444443}, {'fold': 5, 'adjusted_sharpe': 0.9072923131796833, 'raw_sharpe': 0.9072923131796833, 'strategy_volatility': 0.08719717987923704, 'market_volatility': 0.1478664678841467, 'cumulative_return': 0.09309212335704067, 'max_drawdown': 0.055035631038685896, 'volatility_penalty': 1.0, 'return_penalty': 1.0, 'metric_errors': [], 'r2': -0.0006576065948002974, 'spearman': 0.03539883770848142, 'rmse': 0.00929110782913216, 'train_end': 8686, 'inner_train_end': 8505, 'stopping_start': 8507, 'stopping_end': 8686, 'validation_start': 8688, 'validation_end': 8867, 'best_iteration': 10, 'prediction_constant': False, 'allocation_mean': 0.26666666666666666}]","{""colsample_bytree"": 0.8959465154584296, ""learning_rate"": 0.038595354478930206, ""max_depth"": 6, ""min_child_samples"": 113, ""min_split_gain"": 0.0007388175526991978, ""n_estimators"": 413, ""reg_alpha"": 2.31280343037368e-05, ""reg_lambda"": 3.462369910668413, ""subsample"": 0.7222612331610884}",COMPLETE
19,0.3081463545152624,2026-09-16 01:10:23.462578,2026-09-16 01:10:26.182344,0 days 00:00:02.719766,0.8108120355239511,0.026563971368193835,6,227,0.0007939637149337802,1014,38,1.0143784836930894e-05,5.011563095342405,0.6817968858689318,"[{'fold': 1, 'adjusted_sharpe': 0.2146715172027119, 'raw_sharpe': 0.2146715172027119, 'strategy_volatility': 0.16216911471963863, 'market_volatility': 0.18405361319648608, 'cumulative_return': 0.026725869813414325, 'max_drawdown': 0.12019590303398096, 'volatility_penalty': 1.0, 'return_penalty': 1.0, 'metric_errors': [], 'r2': 0.011445883273887847, 'spearman': 0.09601325143780158, 'rmse': 0.011496108897707455, 'train_end': 7966, 'inner_train_end': 7785, 'stopping_start': 7787, 'stopping_end': 7966, 'validation_start': 7968, 'validation_end': 8147, 'best_iteration': 96, 'prediction_constant': False, 'allocation_mean': 0.6666666666666666}, {'fold': 2, 'adjusted_sharpe': -0.22351243898643636, 'raw_sharpe': -0.22351243898643636, 'strategy_volatility': 0.16112302749306426, 'market_volatility': 0.24061547890237955, 'cumulative_return': -0.004884321052049207, 'max_drawdown': 0.15834954211027136, 'volatility_penalty': 1.0, 'return_penalty': 1.0, 'metric_errors': [], 'r2': -0.0027176289600907566, 'spearman': 0.015944936572116424, 'rmse': 0.015150635286673158, 'train_end': 8146, 'inner_train_end': 7965, 'stopping_start': 7967, 'stopping_end': 8146, 'validation_start': 8148, 'validation_end': 8327, 'best_iteration': 124, 'prediction_constant': False, 'allocation_mean': 0.3277777777777778}, {'fold': 3, 'adjusted_sharpe': 0.9868745948374468, 'raw_sharpe': 1.054511489850695, 'strategy_volatility': 0.05015132123021357, 'market_volatility': 0.12971198860867603, 'cumulative_return': 0.07637176750342331, 'max_drawdown': 0.02660484630983922, 'volatility_penalty': 1.0, 'return_penalty': 1.0685364638699502, 'metric_errors': [], 'r2': 0.0032428543681704003, 'spearman': 0.11012274041379878, 'rmse': 0.008135532491529858, 'train_end': 8326, 'inner_train_end': 8145, 'stopping_start': 8147, 'stopping_end': 8326, 'validation_start': 8328, 'validation_end': 8507, 'best_iteration': 151, 'prediction_constant': False, 'allocation_mean': 0.1111111111111111}, {'fold': 4, 'adjusted_sharpe': 0.68036648764906, 'raw_sharpe': 1.919680903630421, 'strategy_volatility': 0.07421259071233494, 'market_volatility': 0.1112305968042878, 'cumulative_return': 0.14927512403546755, 'max_drawdown': 0.04676721198724016, 'volatility_penalty': 1.0, 'return_penalty': 2.821539476854145, 'metric_errors': [], 'r2': -0.022950329274611825, 'spearman': 0.054847371832463965, 'rmse': 0.007067124264832577, 'train_end': 8506, 'inner_train_end': 8325, 'stopping_start': 8327, 'stopping_end': 8506, 'validation_start': 8508, 'validation_end': 8687, 'best_iteration': 127, 'prediction_constant': False, 'allocation_mean': 0.28888888888888886}, {'fold': 5, 'adjusted_sharpe': -0.11766838812647058, 'raw_sharpe': -0.13785347676227633, 'strategy_volatility': 0.1466906257474674, 'market_volatility': 0.1478664678841467, 'cumulative_return': 0.018243933949323766, 'max_drawdown': 0.10035402840141125, 'volatility_penalty': 1.0, 'return_penalty': 1.1715421529706918, 'metric_errors': [], 'r2': -0.0013792079979670913, 'spearman': -0.03880771386954101, 'rmse': 0.009294457260617443, 'train_end': 8686, 'inner_train_end': 8505, 'stopping_start': 8507, 'stopping_end': 8686, 'validation_start': 8688, 'validation_end': 8867, 'best_iteration': 3, 'prediction_constant': False, 'allocation_mean': 0.9277777777777778}]","{""colsample_bytree"": 0.8108120355239511, ""learning_rate"": 0.026563971368193835, ""max_depth"": 6, ""min_child_samples"": 227, ""min_split_gain"": 0.0007939637149337802, ""n_estimators"": 1014, ""reg_alpha"": 1.0143784836930894e-05, ""reg_lambda"": 5.011563095342405, ""subsample"": 0.6817968858689318}",COMPLETE
20,0.277286888880793,2026-09-16 01:10:26.229345,2026-09-16 01:10:28.554928,0 days 00:00:02.325583,0.8140320913482297,0.03397562711936531,6,162,0.0009790290893143202,684,46,4.347861086068725e-05,1.0695635685685099,0.6862539203386134,"[{'fold': 1, 'adjusted_sharpe': 0.16778878676827375, 'raw_sharpe': 0.16778878676827375, 'strategy_volatility': 0.16409782972128176, 'market_volatility': 0.18405361319648608, 'cumulative_return': 0.0214001808934298, 'max_drawdown': 0.12154628283044885, 'volatility_penalty': 1.0, 'return_penalty': 1.0, 'metric_errors': [], 'r2': 0.0116177738633656, 'spearman': 0.10350319454304145, 'rmse': 0.011495109377898955, 'train_end': 7966, 'inner_train_end': 7785, 'stopping_start': 7787, 'stopping_end': 7966, 'validation_start': 7968, 'validation_end': 8147, 'best_iteration': 82, 'prediction_constant': False, 'allocation_mean': 0.7277777777777777}, {'fold': 2, 'adjusted_sharpe': 0.3533412549668823, 'raw_sharpe': 0.3533412549668823, 'strategy_volatility': 0.16762607227157214, 'market_volatility': 0.24061547890237955, 'cumulative_return': 0.0651614528789236, 'max_drawdown': 0.14578010158739743, 'volatility_penalty': 1.0, 'return_penalty': 1.0, 'metric_errors': [], 'r2': 0.00040000062160294725, 'spearman': 0.05984958383489203, 'rmse': 0.015127063924517535, 'train_end': 8146, 'inner_train_end': 7965, 'stopping_start': 7967, 'stopping_end': 8146, 'validation_start': 8148, 'validation_end': 8327, 'best_iteration': 67, 'prediction_constant': False, 'allocation_mean': 0.3388888888888889}, {'fold': 3, 'adjusted_sharpe': 0.486244506846793, 'raw_sharpe': 0.605353540836692, 'strategy_volatility': 0.04884992565228144, 'market_volatility': 0.12971198860867603, 'cumulative_return': 0.05860182102505689, 'max_drawdown': 0.01704645, 'volatility_penalty': 1.0, 'return_penalty': 1.244957078820899, 'metric_errors': [], 'r2': 0.0023103137597298984, 'spearman': 0.13527578011667027, 'rmse': 0.008139337300353282, 'train_end': 8326, 'inner_train_end': 8145, 'stopping_start': 8147, 'stopping_end': 8326, 'validation_start': 8328, 'validation_end': 8507, 'best_iteration': 113, 'prediction_constant': False, 'allocation_mean': 0.1}, {'fold': 4, 'adjusted_sharpe': 0.32159205604895136, 'raw_sharpe': 1.3609310570428224, 'strategy_volatility': 0.07175624086011936, 'market_volatility': 0.1112305968042878, 'cumulative_return': 0.11309770103357743, 'max_drawdown': 0.05558551095823573, 'volatility_penalty': 1.0, 'return_penalty': 4.231855331761265, 'metric_errors': [], 'r2': -0.02066606140679661, 'spearman': 0.02358821299252733, 'rmse': 0.007059229342414539, 'train_end': 8506, 'inner_train_end': 8325, 'stopping_start': 8327, 'stopping_end': 8506, 'validation_start': 8508, 'validation_end': 8687, 'best_iteration': 54, 'prediction_constant': False, 'allocation_mean': 0.31666666666666665}, {'fold': 5, 'adjusted_sharpe': 0.0574678397730644, 'raw_sharpe': 0.058385064281231275, 'strategy_volatility': 0.1466519788750614, 'market_volatility': 0.1478664678841467, 'cumulative_return': 0.03939186921991932, 'max_drawdown': 0.10035402840141124, 'volatility_penalty': 1.0, 'return_penalty': 1.015960657504944, 'metric_errors': [], 'r2': -0.0009178384713768306, 'spearman': 0.013860267313419664, 'rmse': 0.009292315877336565, 'train_end': 8686, 'inner_train_end': 8505, 'stopping_start': 8507, 'stopping_end': 8686, 'validation_start': 8688, 'validation_end': 8867, 'best_iteration': 1, 'prediction_constant': False, 'allocation_mean': 0.9555555555555556}]","{""colsample_bytree"": 0.8140320913482297, ""learning_rate"": 0.03397562711936531, ""max_depth"": 6, ""min_child_samples"": 162, ""min_split_gain"": 0.0009790290893143202, ""n_estimators"": 684, ""reg_alpha"": 4.347861086068725e-05, ""reg_lambda"": 1.0695635685685099, ""subsample"": 0.6862539203386134}",COMPLETE
21,0.5669096309506687,2026-09-16 01:10:28.566910,2026-09-16 01:10:31.294350,0 days 00:00:02.727440,0.6886780183618492,0.013629548129418436,3,154,0.0005461425654878173,850,8,0.0001086389026684249,0.0010134766728685264,0.7169779157379783,"[{'fold': 1, 'adjusted_sharpe': 0.8329543494357374, 'raw_sharpe': 0.8329543494357374, 'strategy_volatility': 0.1543676642397407, 'market_volatility': 0.18405361319648608, 'cumulative_return': 0.09782281251866816, 'max_drawdown': 0.1133746140477415, 'volatility_penalty': 1.0, 'return_penalty': 1.0, 'metric_errors': [], 'r2': 0.008729549674083015, 'spearman': 0.11239858863885589, 'rmse': 0.011511892477134208, 'train_end': 7966, 'inner_train_end': 7785, 'stopping_start': 7787, 'stopping_end': 7966, 'validation_start': 7968, 'validation_end': 8147, 'best_iteration': 117, 'prediction_constant': False, 'allocation_mean': 0.6222222222222222}, {'fold': 2, 'adjusted_sharpe': 0.8874416696351927, 'raw_sharpe': 0.8874416696351927, 'strategy_volatility': 0.1597557774205249, 'market_volatility': 0.24061547890237955, 'cumulative_return': 0.12982423741235666, 'max_drawdown': 0.10239129420558227, 'volatility_penalty': 1.0, 'return_penalty': 1.0, 'metric_errors': [], 'r2': 0.004181040192243968, 'spearman': 0.11217835941438521, 'rmse': 0.015098427361591057, 'train_end': 8146, 'inner_train_end': 7965, 'stopping_start': 7967, 'stopping_end': 8146, 'validation_start': 8148, 'validation_end': 8327, 'best_iteration': 67, 'prediction_constant': False, 'allocation_mean': 0.3111111111111111}, {'fold': 3, 'adjusted_sharpe': -0.3370598705575573, 'raw_sharpe': -0.7935748002669865, 'strategy_volatility': 0.04702040768759928, 'market_volatility': 0.12971198860867603, 'cumulative_return': 0.009224547202947611, 'max_drawdown': 0.03562302409262571, 'volatility_penalty': 1.0, 'return_penalty': 2.3544030885500304, 'metric_errors': [], 'r2': -0.0004268877146291761, 'spearman': 0.11641717336954843, 'rmse': 0.008150494951101915, 'train_end': 8326, 'inner_train_end': 8145, 'stopping_start': 8147, 'stopping_end': 8326, 'validation_start': 8328, 'validation_end': 8507, 'best_iteration': 323, 'prediction_constant': False, 'allocation_mean': 0.08333333333333333}, {'fold': 4, 'adjusted_sharpe': 1.3078675746103665, 'raw_sharpe': 1.916758973994611, 'strategy_volatility': 0.10914096507866891, 'market_volatility': 0.1112305968042878, 'cumulative_return': 0.20533175516963215, 'max_drawdown': 0.05876421390677162, 'volatility_penalty': 1.0, 'return_penalty': 1.465560436855117, 'metric_errors': [], 'r2': -0.012915791746886063, 'spearman': -0.11851541356455568, 'rmse': 0.0070323766875572714, 'train_end': 8506, 'inner_train_end': 8325, 'stopping_start': 8327, 'stopping_end': 8506, 'validation_start': 8508, 'validation_end': 8687, 'best_iteration': 2, 'prediction_constant': False, 'allocation_mean': 0.9444444444444444}, {'fold': 5, 'adjusted_sharpe': 0.143344431629604, 'raw_sharpe': 0.143344431629604, 'strategy_volatility': 0.1478664678841467, 'market_volatility': 0.1478664678841467, 'cumulative_return': 0.048811456878790564, 'max_drawdown': 0.10035402840141125, 'volatility_penalty': 1.0, 'return_penalty': 1.0, 'metric_errors': [], 'r2': -0.001116648341990878, 'spearman': -0.15787986431928977, 'rmse': 0.009293238686541796, 'train_end': 8686, 'inner_train_end': 8505, 'stopping_start': 8507, 'stopping_end': 8686, 'validation_start': 8688, 'validation_end': 8867, 'best_iteration': 2, 'prediction_constant': False, 'allocation_mean': 1.0}]","{""colsample_bytree"": 0.6886780183618492, ""learning_rate"": 0.013629548129418436, ""max_depth"": 3, ""min_child_samples"": 154, ""min_split_gain"": 0.0005461425654878173, ""n_estimators"": 850, ""reg_alpha"": 0.0001086389026684249, ""reg_lambda"": 0.0010134766728685264, ""subsample"": 0.7169779157379783}",COMPLETE
