number,value,datetime_start,datetime_complete,duration,params_colsample_bytree,params_learning_rate,params_max_depth,params_min_child_samples,params_min_split_gain,params_n_estimators,params_num_leaves,params_reg_alpha,params_reg_lambda,params_subsample,user_attrs_fold_metrics,system_attrs_tpe:relative_params:0,state
12,-0.019356015272029032,2026-09-16 01:10:06.998660,2026-09-16 01:10:09.543151,0 days 00:00:02.544491,0.8193716801045116,0.016292028384387973,4,126,0.0009133031581991542,364,11,5.876423971230934e-05,5.134696611001392,0.6759726317936032,"[{'fold': 1, 'adjusted_sharpe': 0.3237655057121204, 'raw_sharpe': 0.3237655057121204, 'strategy_volatility': 0.16049082644699017, 'market_volatility': 0.18405361319648608, 'cumulative_return': 0.03937746604959062, 'max_drawdown': 0.11902453711546146, 'volatility_penalty': 1.0, 'return_penalty': 1.0, 'metric_errors': [], 'r2': 0.011197922853169229, 'spearman': 0.12030618228957683, 'rmse': 0.011497550599896208, 'train_end': 7966, 'inner_train_end': 7785, 'stopping_start': 7787, 'stopping_end': 7966, 'validation_start': 7968, 'validation_end': 8147, 'best_iteration': 124, 'prediction_constant': False, 'allocation_mean': 0.6222222222222222}, {'fold': 2, 'adjusted_sharpe': 0.026135840625199448, 'raw_sharpe': 0.026135840625199448, 'strategy_volatility': 0.15787127110684607, 'market_volatility': 0.24061547890237955, 'cumulative_return': 0.02406750802654987, 'max_drawdown': 0.1083848114932882, 'volatility_penalty': 1.0, 'return_penalty': 1.0, 'metric_errors': [], 'r2': 0.0027080041483610318, 'spearman': 0.06174264637797462, 'rmse': 0.015109590188380834, 'train_end': 8146, 'inner_train_end': 7965, 'stopping_start': 7967, 'stopping_end': 8146, 'validation_start': 8148, 'validation_end': 8327, 'best_iteration': 123, 'prediction_constant': False, 'allocation_mean': 0.3055555555555556}, {'fold': 3, 'adjusted_sharpe': -0.27209788009536456, 'raw_sharpe': -0.5520131601570911, 'strategy_volatility': 0.040509394239101104, 'market_volatility': 0.12971198860867603, 'cumulative_return': 0.020060433980559948, 'max_drawdown': 0.021442766475069635, 'volatility_penalty': 1.0, 'return_penalty': 2.0287301024308686, 'metric_errors': [], 'r2': 0.004083744704167391, 'spearman': 0.09788367953743429, 'rmse': 0.00813210009371868, 'train_end': 8326, 'inner_train_end': 8145, 'stopping_start': 8147, 'stopping_end': 8326, 'validation_start': 8328, 'validation_end': 8507, 'best_iteration': 122, 'prediction_constant': False, 'allocation_mean': 0.05555555555555555}, {'fold': 4, 'adjusted_sharpe': 0.11939722532927019, 'raw_sharpe': 0.8441185768255309, 'strategy_volatility': 0.03679409635063724, 'market_volatility': 0.1112305968042878, 'cumulative_return': 0.06141127268033071, 'max_drawdown': 0.030569128095187862, 'volatility_penalty': 1.0, 'return_penalty': 7.069834114634116, 'metric_errors': [], 'r2': -0.018822793416688466, 'spearman': 0.054784288412202696, 'rmse': 0.007052852167719062, 'train_end': 8506, 'inner_train_end': 8325, 'stopping_start': 8327, 'stopping_end': 8506, 'validation_start': 8508, 'validation_end': 8687, 'best_iteration': 58, 'prediction_constant': False, 'allocation_mean': 0.10555555555555556}, {'fold': 5, 'adjusted_sharpe': -0.2939807679313707, 'raw_sharpe': -0.8043362349734972, 'strategy_volatility': 0.13745761995947348, 'market_volatility': 0.1478664678841467, 'cumulative_return': -0.045392379057809754, 'max_drawdown': 0.1169182781492219, 'volatility_penalty': 1.0, 'return_penalty': 2.736016510989141, 'metric_errors': [], 'r2': -0.0014417836111579874, 'spearman': 0.009043285318914528, 'rmse': 0.009294747658736327, 'train_end': 8686, 'inner_train_end': 8505, 'stopping_start': 8507, 'stopping_end': 8686, 'validation_start': 8688, 'validation_end': 8867, 'best_iteration': 7, 'prediction_constant': False, 'allocation_mean': 0.8777777777777778}]","{""colsample_bytree"": 0.8193716801045116, ""learning_rate"": 0.016292028384387973, ""max_depth"": 4, ""min_child_samples"": 126, ""min_split_gain"": 0.0009133031581991542, ""n_estimators"": 364, ""reg_alpha"": 5.876423971230934e-05, ""reg_lambda"": 5.134696611001392, ""subsample"": 0.6759726317936032}",COMPLETE
13,0.3333782687143689,2026-09-16 01:10:09.552082,2026-09-16 01:10:11.632495,0 days 00:00:02.080413,0.8002511950640993,0.03225291708086819,8,60,0.0009640810203459208,341,52,0.0002061918568263464,0.30533894961534047,0.6097342418046577,"[{'fold': 1, 'adjusted_sharpe': 0.4083702635118221, 'raw_sharpe': 0.4083702635118221, 'strategy_volatility': 0.16554812882340675, 'market_volatility': 0.18405361319648608, 'cumulative_return': 0.05105360834969775, 'max_drawdown': 0.1113358816697246, 'volatility_penalty': 1.0, 'return_penalty': 1.0, 'metric_errors': [], 'r2': 0.0172836442151022, 'spearman': 0.09076930911927963, 'rmse': 0.011462114345805453, 'train_end': 7966, 'inner_train_end': 7785, 'stopping_start': 7787, 'stopping_end': 7966, 'validation_start': 7968, 'validation_end': 8147, 'best_iteration': 81, 'prediction_constant': False, 'allocation_mean': 0.6722222222222223}, {'fold': 2, 'adjusted_sharpe': -0.35673209749339424, 'raw_sharpe': -0.35673209749339424, 'strategy_volatility': 0.16962644362312657, 'market_volatility': 0.24061547890237955, 'cumulative_return': -0.022135463317452846, 'max_drawdown': 0.12963957528841755, 'volatility_penalty': 1.0, 'return_penalty': 1.0, 'metric_errors': [], 'r2': 0.00045204775171814315, 'spearman': 0.03456073747132113, 'rmse': 0.015126670101731602, 'train_end': 8146, 'inner_train_end': 7965, 'stopping_start': 7967, 'stopping_end': 8146, 'validation_start': 8148, 'validation_end': 8327, 'best_iteration': 54, 'prediction_constant': False, 'allocation_mean': 0.39444444444444443}, {'fold': 3, 'adjusted_sharpe': 0.8148271895615805, 'raw_sharpe': 0.9425392947185071, 'strategy_volatility': 0.04188134904288079, 'market_volatility': 0.12971198860867603, 'cumulative_return': 0.06611379630215693, 'max_drawdown': 0.01704645, 'volatility_penalty': 1.0, 'return_penalty': 1.1567352032344949, 'metric_errors': [], 'r2': -0.0009391830044942484, 'spearman': 0.08110301556928827, 'rmse': 0.008152581523255587, 'train_end': 8326, 'inner_train_end': 8145, 'stopping_start': 8147, 'stopping_end': 8326, 'validation_start': 8328, 'validation_end': 8507, 'best_iteration': 23, 'prediction_constant': False, 'allocation_mean': 0.06111111111111111}, {'fold': 4, 'adjusted_sharpe': 0.6107086933610752, 'raw_sharpe': 2.077841961837017, 'strategy_volatility': 0.05892358536264276, 'market_volatility': 0.1112305968042878, 'cumulative_return': 0.13296059360489257, 'max_drawdown': 0.029733178161483634, 'volatility_penalty': 1.0, 'return_penalty': 3.402345478990118, 'metric_errors': [], 'r2': -0.023484953901679706, 'spearman': 0.09664402877051605, 'rmse': 0.007068970769514894, 'train_end': 8506, 'inner_train_end': 8325, 'stopping_start': 8327, 'stopping_end': 8506, 'validation_start': 8508, 'validation_end': 8687, 'best_iteration': 52, 'prediction_constant': False, 'allocation_mean': 0.2611111111111111}, {'fold': 5, 'adjusted_sharpe': 0.1897172946307607, 'raw_sharpe': 0.1897172946307607, 'strategy_volatility': 0.14750222026496063, 'market_volatility': 0.1478664678841467, 'cumulative_return': 0.05390744008165318, 'max_drawdown': 0.10035402840141125, 'volatility_penalty': 1.0, 'return_penalty': 1.0, 'metric_errors': [], 'r2': -0.00016079196143792274, 'spearman': 0.09065343930563977, 'rmse': 0.009288801080358329, 'train_end': 8686, 'inner_train_end': 8505, 'stopping_start': 8507, 'stopping_end': 8686, 'validation_start': 8688, 'validation_end': 8867, 'best_iteration': 1, 'prediction_constant': False, 'allocation_mean': 0.9888888888888889}]","{""colsample_bytree"": 0.8002511950640993, ""learning_rate"": 0.03225291708086819, ""max_depth"": 8, ""min_child_samples"": 60, ""min_split_gain"": 0.0009640810203459208, ""n_estimators"": 341, ""reg_alpha"": 0.0002061918568263464, ""reg_lambda"": 0.30533894961534047, ""subsample"": 0.6097342418046577}",COMPLETE
14,0.5050069479603061,2026-09-16 01:10:11.679381,2026-09-16 01:10:14.170289,0 days 00:00:02.490908,0.8117147396813714,0.038035947464908626,3,144,0.0006839199777487971,885,8,1.0324670540747449e-05,4.6395264110427865,0.7873584552982966,"[{'fold': 1, 'adjusted_sharpe': 1.220396065354218, 'raw_sharpe': 1.220396065354218, 'strategy_volatility': 0.14699791206944757, 'market_volatility': 0.18405361319648608, 'cumulative_return': 0.13837536971699063, 'max_drawdown': 0.10268295520972523, 'volatility_penalty': 1.0, 'return_penalty': 1.0, 'metric_errors': [], 'r2': 0.01767822983484546, 'spearman': 0.13433754865766598, 'rmse': 0.011459812949496837, 'train_end': 7966, 'inner_train_end': 7785, 'stopping_start': 7787, 'stopping_end': 7966, 'validation_start': 7968, 'validation_end': 8147, 'best_iteration': 90, 'prediction_constant': False, 'allocation_mean': 0.6333333333333333}, {'fold': 2, 'adjusted_sharpe': 0.6698962898752384, 'raw_sharpe': 0.6698962898752384, 'strategy_volatility': 0.16647902910794704, 'market_volatility': 0.24061547890237955, 'cumulative_return': 0.10568826722181275, 'max_drawdown': 0.11021534963348932, 'volatility_penalty': 1.0, 'return_penalty': 1.0, 'metric_errors': [], 'r2': 0.00714411782029889, 'spearman': 0.0998549337942529, 'rmse': 0.015075947802910715, 'train_end': 8146, 'inner_train_end': 7965, 'stopping_start': 7967, 'stopping_end': 8146, 'validation_start': 8148, 'validation_end': 8327, 'best_iteration': 65, 'prediction_constant': False, 'allocation_mean': 0.35}, {'fold': 3, 'adjusted_sharpe': -0.23750115441206482, 'raw_sharpe': -0.4911679454331854, 'strategy_volatility': 0.04943856936338665, 'market_volatility': 0.12971198860867603, 'cumulative_return': 0.018661686421311975, 'max_drawdown': 0.02006089, 'volatility_penalty': 1.0, 'return_penalty': 2.068065507509106, 'metric_errors': [], 'r2': 0.006412958464992791, 'spearman': 0.1176785291727111, 'rmse': 0.008122584992835132, 'train_end': 8326, 'inner_train_end': 8145, 'stopping_start': 8147, 'stopping_end': 8326, 'validation_start': 8328, 'validation_end': 8507, 'best_iteration': 129, 'prediction_constant': False, 'allocation_mean': 0.11666666666666667}, {'fold': 4, 'adjusted_sharpe': 1.1101712598456999, 'raw_sharpe': 2.8136979922818517, 'strategy_volatility': 0.054574125067758425, 'market_volatility': 0.1112305968042878, 'cumulative_return': 0.15840806073583566, 'max_drawdown': 0.016453115679385757, 'volatility_penalty': 1.0, 'return_penalty': 2.534472017112856, 'metric_errors': [], 'r2': -0.0201925516378767, 'spearman': 0.0910074858756964, 'rmse': 0.0070575916854230146, 'train_end': 8506, 'inner_train_end': 8325, 'stopping_start': 8327, 'stopping_end': 8506, 'validation_start': 8508, 'validation_end': 8687, 'best_iteration': 82, 'prediction_constant': False, 'allocation_mean': 0.18333333333333332}, {'fold': 5, 'adjusted_sharpe': -0.23792772086156105, 'raw_sharpe': -0.37087049085128493, 'strategy_volatility': 0.1444006273805507, 'market_volatility': 0.1478664678841467, 'cumulative_return': -0.005711645093535109, 'max_drawdown': 0.10035402840141124, 'volatility_penalty': 1.0, 'return_penalty': 1.5587527569646962, 'metric_errors': [], 'r2': -0.0019450768907682825, 'spearman': 0.03728008115277883, 'rmse': 0.009297082989908062, 'train_end': 8686, 'inner_train_end': 8505, 'stopping_start': 8507, 'stopping_end': 8686, 'validation_start': 8688, 'validation_end': 8867, 'best_iteration': 8, 'prediction_constant': False, 'allocation_mean': 0.9222222222222223}]","{""colsample_bytree"": 0.8117147396813714, ""learning_rate"": 0.038035947464908626, ""max_depth"": 3, ""min_child_samples"": 144, ""min_split_gain"": 0.0006839199777487971, ""n_estimators"": 885, ""reg_alpha"": 1.0324670540747449e-05, ""reg_lambda"": 4.6395264110427865, ""subsample"": 0.7873584552982966}",COMPLETE
15,0.23752456187630117,2026-09-16 01:10:14.179720,2026-09-16 01:10:16.464769,0 days 00:00:02.285049,0.8607272988206207,0.019305627203174188,3,88,0.0007741936477159,883,8,2.767069779337959e-05,0.3699169144807589,0.7587469384676463,"[{'fold': 1, 'adjusted_sharpe': 1.1581537055020812, 'raw_sharpe': 1.1581537055020812, 'strategy_volatility': 0.1580332728999524, 'market_volatility': 0.18405361319648608, 'cumulative_return': 0.14133108501705652, 'max_drawdown': 0.09024348638752844, 'volatility_penalty': 1.0, 'return_penalty': 1.0, 'metric_errors': [], 'r2': 0.012174843006337643, 'spearman': 0.12934615477745598, 'rmse': 0.011491869501105825, 'train_end': 7966, 'inner_train_end': 7785, 'stopping_start': 7787, 'stopping_end': 7966, 'validation_start': 7968, 'validation_end': 8147, 'best_iteration': 110, 'prediction_constant': False, 'allocation_mean': 0.6277777777777778}, {'fold': 2, 'adjusted_sharpe': -0.7506305575523903, 'raw_sharpe': -0.7584416209313959, 'strategy_volatility': 0.17072293880602663, 'market_volatility': 0.24061547890237955, 'cumulative_return': -0.06915453386540911, 'max_drawdown': 0.11543608370686519, 'volatility_penalty': 1.0, 'return_penalty': 1.010406002394141, 'metric_errors': [], 'r2': 0.002393285204842388, 'spearman': 0.05990102575182361, 'rmse': 0.015111974093586326, 'train_end': 8146, 'inner_train_end': 7965, 'stopping_start': 7967, 'stopping_end': 8146, 'validation_start': 8148, 'validation_end': 8327, 'best_iteration': 113, 'prediction_constant': False, 'allocation_mean': 0.4222222222222222}, {'fold': 3, 'adjusted_sharpe': 0.3609336671137395, 'raw_sharpe': 0.513404036999859, 'strategy_volatility': 0.02740483256033131, 'market_volatility': 0.12971198860867603, 'cumulative_return': 0.046948155416035475, 'max_drawdown': 0.015573541994166332, 'volatility_penalty': 1.0, 'return_penalty': 1.4224332163451858, 'metric_errors': [], 'r2': 0.0007413748146747334, 'spearman': 0.03963842210883531, 'rmse': 0.008145734633568382, 'train_end': 8326, 'inner_train_end': 8145, 'stopping_start': 8147, 'stopping_end': 8326, 'validation_start': 8328, 'validation_end': 8507, 'best_iteration': 45, 'prediction_constant': False, 'allocation_mean': 0.03888888888888889}, {'fold': 4, 'adjusted_sharpe': 0.25848634330291453, 'raw_sharpe': 1.2403126181362096, 'strategy_volatility': 0.06654361803967437, 'market_volatility': 0.1112305968042878, 'cumulative_return': 0.10114705649454409, 'max_drawdown': 0.030569128095187862, 'volatility_penalty': 1.0, 'return_penalty': 4.798368077352212, 'metric_errors': [], 'r2': -0.013567529279725266, 'spearman': 0.05755502759608878, 'rmse': 0.007034638734835861, 'train_end': 8506, 'inner_train_end': 8325, 'stopping_start': 8327, 'stopping_end': 8506, 'validation_start': 8508, 'validation_end': 8687, 'best_iteration': 15, 'prediction_constant': False, 'allocation_mean': 0.2833333333333333}, {'fold': 5, 'adjusted_sharpe': 0.160679651015161, 'raw_sharpe': 0.160679651015161, 'strategy_volatility': 0.14784862356022033, 'market_volatility': 0.1478664678841467, 'cumulative_return': 0.05073080340318265, 'max_drawdown': 0.10035402840141125, 'volatility_penalty': 1.0, 'return_penalty': 1.0, 'metric_errors': [], 'r2': -0.0003705024892324271, 'spearman': 0.016930613016685938, 'rmse': 0.009289774852422291, 'train_end': 8686, 'inner_train_end': 8505, 'stopping_start': 8507, 'stopping_end': 8686, 'validation_start': 8688, 'validation_end': 8867, 'best_iteration': 2, 'prediction_constant': False, 'allocation_mean': 0.9944444444444445}]","{""colsample_bytree"": 0.8607272988206207, ""learning_rate"": 0.019305627203174188, ""max_depth"": 3, ""min_child_samples"": 88, ""min_split_gain"": 0.0007741936477159, ""n_estimators"": 883, ""reg_alpha"": 2.767069779337959e-05, ""reg_lambda"": 0.3699169144807589, ""subsample"": 0.7587469384676463}",COMPLETE
16,0.36756177542359286,2026-09-16 01:10:16.474409,2026-09-16 01:10:18.858900,0 days 00:00:02.384491,0.847954942869504,0.03262147123120972,8,156,0.0009969996900422995,731,118,5.1872138543041074e-05,2.27519377508964,0.8004919499157586,"[{'fold': 1, 'adjusted_sharpe': 0.3915414073233627, 'raw_sharpe': 0.3915414073233627, 'strategy_volatility': 0.1732383872751241, 'market_volatility': 0.18405361319648608, 'cumulative_return': 0.051222373411564895, 'max_drawdown': 0.10438916239696047, 'volatility_penalty': 1.0, 'return_penalty': 1.0, 'metric_errors': [], 'r2': 0.012529713544337406, 'spearman': 0.10620492402028871, 'rmse': 0.01148980512148851, 'train_end': 7966, 'inner_train_end': 7785, 'stopping_start': 7787, 'stopping_end': 7966, 'validation_start': 7968, 'validation_end': 8147, 'best_iteration': 118, 'prediction_constant': False, 'allocation_mean': 0.7944444444444444}, {'fold': 2, 'adjusted_sharpe': 0.6397056601656581, 'raw_sharpe': 0.6397056601656581, 'strategy_volatility': 0.1833907975651439, 'market_volatility': 0.24061547890237955, 'cumulative_return': 0.11026809838217462, 'max_drawdown': 0.12109570194798495, 'volatility_penalty': 1.0, 'return_penalty': 1.0, 'metric_errors': [], 'r2': 0.0017235423100742109, 'spearman': 0.0710024836265717, 'rmse': 0.015117045951558794, 'train_end': 8146, 'inner_train_end': 7965, 'stopping_start': 7967, 'stopping_end': 8146, 'validation_start': 8148, 'validation_end': 8327, 'best_iteration': 33, 'prediction_constant': False, 'allocation_mean': 0.4222222222222222}, {'fold': 3, 'adjusted_sharpe': -0.31937738940458166, 'raw_sharpe': -0.7146032254444976, 'strategy_volatility': 0.04502896646913218, 'market_volatility': 0.12971198860867603, 'cumulative_return': 0.012934015009827937, 'max_drawdown': 0.023437557797453858, 'volatility_penalty': 1.0, 'return_penalty': 2.237488467097622, 'metric_errors': [], 'r2': 0.0041013874095580105, 'spearman': 0.0956428696358941, 'rmse': 0.008132028063123332, 'train_end': 8326, 'inner_train_end': 8145, 'stopping_start': 8147, 'stopping_end': 8326, 'validation_start': 8328, 'validation_end': 8507, 'best_iteration': 117, 'prediction_constant': False, 'allocation_mean': 0.09444444444444444}, {'fold': 4, 'adjusted_sharpe': 0.9469846732777879, 'raw_sharpe': 2.041049705134544, 'strategy_volatility': 0.08326272531455797, 'market_volatility': 0.1112305968042878, 'cumulative_return': 0.17203687897173525, 'max_drawdown': 0.05558551095823573, 'volatility_penalty': 1.0, 'return_penalty': 2.155314402365015, 'metric_errors': [], 'r2': -0.012296511018739187, 'spearman': 0.07198346738931428, 'rmse': 0.00703022661682008, 'train_end': 8506, 'inner_train_end': 8325, 'stopping_start': 8327, 'stopping_end': 8506, 'validation_start': 8508, 'validation_end': 8687, 'best_iteration': 15, 'prediction_constant': False, 'allocation_mean': 0.37222222222222223}, {'fold': 5, 'adjusted_sharpe': 0.17895452575573725, 'raw_sharpe': 0.17920621056018599, 'strategy_volatility': 0.09734936757035503, 'market_volatility': 0.1478664678841467, 'cumulative_return': 0.04600651019581778, 'max_drawdown': 0.07196471089738052, 'volatility_penalty': 1.0, 'return_penalty': 1.001406417654909, 'metric_errors': [], 'r2': -0.0002129842352469602, 'spearman': -0.01564105343748687, 'rmse': 0.009289043440051227, 'train_end': 8686, 'inner_train_end': 8505, 'stopping_start': 8507, 'stopping_end': 8686, 'validation_start': 8688, 'validation_end': 8867, 'best_iteration': 19, 'prediction_constant': False, 'allocation_mean': 0.3}]","{""colsample_bytree"": 0.847954942869504, ""learning_rate"": 0.03262147123120972, ""max_depth"": 8, ""min_child_samples"": 156, ""min_split_gain"": 0.0009969996900422995, ""n_estimators"": 731, ""reg_alpha"": 5.1872138543041074e-05, ""reg_lambda"": 2.27519377508964, ""subsample"": 0.8004919499157586}",COMPLETE
