number,value,datetime_start,datetime_complete,duration,params_colsample_bytree,params_learning_rate,params_max_depth,params_min_child_samples,params_min_split_gain,params_n_estimators,params_num_leaves,params_reg_alpha,params_reg_lambda,params_subsample,user_attrs_fold_metrics,system_attrs_tpe:relative_params:0,state
6,0.24994316336026695,2026-09-16 01:09:51.436243,2026-09-16 01:09:54.259029,0 days 00:00:02.822786,0.6563696899899051,0.021304454359439114,3,96,0.0008287375091519293,853,8,0.00026730883107816685,0.013296521457299506,0.8170784332632994,"[{'fold': 1, 'adjusted_sharpe': 0.671787129595334, 'raw_sharpe': 0.671787129595334, 'strategy_volatility': 0.16664788547405576, 'market_volatility': 0.18405361319648608, 'cumulative_return': 0.08486670857426032, 'max_drawdown': 0.1107576573291695, 'volatility_penalty': 1.0, 'return_penalty': 1.0, 'metric_errors': [], 'r2': 0.01261893732885122, 'spearman': 0.1250799921808286, 'rmse': 0.011489286023816015, 'train_end': 7966, 'inner_train_end': 7785, 'stopping_start': 7787, 'stopping_end': 7966, 'validation_start': 7968, 'validation_end': 8147, 'best_iteration': 175, 'prediction_constant': False, 'allocation_mean': 0.7444444444444445}, {'fold': 2, 'adjusted_sharpe': -0.015419531170673989, 'raw_sharpe': -0.015419531170673989, 'strategy_volatility': 0.16452999988766934, 'market_volatility': 0.24061547890237955, 'cumulative_return': 0.01920717357401329, 'max_drawdown': 0.1102153496334893, 'volatility_penalty': 1.0, 'return_penalty': 1.0, 'metric_errors': [], 'r2': 0.0027747465522947046, 'spearman': 0.07022027428830108, 'rmse': 0.015109084585584123, 'train_end': 8146, 'inner_train_end': 7965, 'stopping_start': 7967, 'stopping_end': 8146, 'validation_start': 8148, 'validation_end': 8327, 'best_iteration': 197, 'prediction_constant': False, 'allocation_mean': 0.3333333333333333}, {'fold': 3, 'adjusted_sharpe': 0.3892016211472784, 'raw_sharpe': 0.5072023153111307, 'strategy_volatility': 0.04732280567898416, 'market_volatility': 0.12971198860867603, 'cumulative_return': 0.05440058485994527, 'max_drawdown': 0.017046449999999998, 'volatility_penalty': 1.0, 'return_penalty': 1.3031865433037326, 'metric_errors': [], 'r2': -0.003566955063014632, 'spearman': 0.08522691029558525, 'rmse': 0.008163276021060286, 'train_end': 8326, 'inner_train_end': 8145, 'stopping_start': 8147, 'stopping_end': 8326, 'validation_start': 8328, 'validation_end': 8507, 'best_iteration': 199, 'prediction_constant': False, 'allocation_mean': 0.08333333333333333}, {'fold': 4, 'adjusted_sharpe': 0.3632064197963823, 'raw_sharpe': 1.5009734509922465, 'strategy_volatility': 0.06691552771690291, 'market_volatility': 0.1112305968042878, 'cumulative_return': 0.11531119711012452, 'max_drawdown': 0.050657027071611245, 'volatility_penalty': 1.0, 'return_penalty': 4.132563107870476, 'metric_errors': [], 'r2': -0.012434313254573004, 'spearman': 0.08915692003167912, 'rmse': 0.0070307051070491195, 'train_end': 8506, 'inner_train_end': 8325, 'stopping_start': 8327, 'stopping_end': 8506, 'validation_start': 8508, 'validation_end': 8687, 'best_iteration': 19, 'prediction_constant': False, 'allocation_mean': 0.26666666666666666}, {'fold': 5, 'adjusted_sharpe': -0.1590598225669858, 'raw_sharpe': -0.19928319847722153, 'strategy_volatility': 0.14598092438645327, 'market_volatility': 0.1478664678841467, 'cumulative_return': 0.01181320071934331, 'max_drawdown': 0.11403026654140548, 'volatility_penalty': 1.0, 'return_penalty': 1.2528820619883203, 'metric_errors': [], 'r2': -0.0005984296952605828, 'spearman': -0.018369729612568237, 'rmse': 0.009290833096256482, 'train_end': 8686, 'inner_train_end': 8505, 'stopping_start': 8507, 'stopping_end': 8686, 'validation_start': 8688, 'validation_end': 8867, 'best_iteration': 3, 'prediction_constant': False, 'allocation_mean': 0.9333333333333333}]",,COMPLETE
7,0.2815819990156325,2026-09-16 01:09:54.265129,2026-09-16 01:09:57.246774,0 days 00:00:02.981645,0.9085081386743783,0.04493891068405523,7,75,5.522117123602399e-06,1978,17,0.018274508859816022,0.6720930050156113,0.8916028672163949,"[{'fold': 1, 'adjusted_sharpe': 0.011737156089381112, 'raw_sharpe': 0.011737156089381112, 'strategy_volatility': 0.15439875961802246, 'market_volatility': 0.18405361319648608, 'cumulative_return': 0.002808149596957683, 'max_drawdown': 0.10735565745287722, 'volatility_penalty': 1.0, 'return_penalty': 1.0, 'metric_errors': [], 'r2': 0.0004544125779769592, 'spearman': 0.1403510792060869, 'rmse': 0.011559843316841092, 'train_end': 7966, 'inner_train_end': 7785, 'stopping_start': 7787, 'stopping_end': 7966, 'validation_start': 7968, 'validation_end': 8147, 'best_iteration': 1, 'prediction_constant': False, 'allocation_mean': 0.8333333333333334}, {'fold': 2, 'adjusted_sharpe': 0.057473557487708576, 'raw_sharpe': 0.057473557487708576, 'strategy_volatility': 0.15980483848337046, 'market_volatility': 0.24061547890237955, 'cumulative_return': 0.027776350834366758, 'max_drawdown': 0.12761000776422188, 'volatility_penalty': 1.0, 'return_penalty': 1.0, 'metric_errors': [], 'r2': -0.00978170554348301, 'spearman': 0.007080465446464397, 'rmse': 0.01520390921422539, 'train_end': 8146, 'inner_train_end': 7965, 'stopping_start': 7967, 'stopping_end': 8146, 'validation_start': 8148, 'validation_end': 8327, 'best_iteration': 35, 'prediction_constant': False, 'allocation_mean': 0.3611111111111111}, {'fold': 3, 'adjusted_sharpe': 1.0690138389506554, 'raw_sharpe': 1.1127995247072258, 'strategy_volatility': 0.052863337034404115, 'market_volatility': 0.12971198860867603, 'cumulative_return': 0.0809472169767625, 'max_drawdown': 0.01704645, 'volatility_penalty': 1.0, 'return_penalty': 1.0409589512887414, 'metric_errors': [], 'r2': -0.0038780595124372486, 'spearman': 0.06198036922338785, 'rmse': 0.008164541225483914, 'train_end': 8326, 'inner_train_end': 8145, 'stopping_start': 8147, 'stopping_end': 8326, 'validation_start': 8328, 'validation_end': 8507, 'best_iteration': 12, 'prediction_constant': False, 'allocation_mean': 0.15}, {'fold': 4, 'adjusted_sharpe': 0.0, 'raw_sharpe': 0.0, 'strategy_volatility': 1.8982396541188566e-05, 'market_volatility': 0.1112305968042878, 'cumulative_return': 0.03812951844973662, 'max_drawdown': -0.0, 'volatility_penalty': 1.0, 'return_penalty': 8.696680208991754, 'metric_errors': [], 'r2': -0.013816573163538681, 'spearman': 0.03104120031936121, 'rmse': 0.007035502923011469, 'train_end': 8506, 'inner_train_end': 8325, 'stopping_start': 8327, 'stopping_end': 8506, 'validation_start': 8508, 'validation_end': 8687, 'best_iteration': 2, 'prediction_constant': False, 'allocation_mean': 0.0}, {'fold': 5, 'adjusted_sharpe': 0.26968544255041754, 'raw_sharpe': 0.26968544255041754, 'strategy_volatility': 0.11198634173265248, 'market_volatility': 0.1478664678841467, 'cumulative_return': 0.05557804850708545, 'max_drawdown': 0.05662162203955835, 'volatility_penalty': 1.0, 'return_penalty': 1.0, 'metric_errors': [], 'r2': -0.007939846437673204, 'spearman': -0.02398668283100186, 'rmse': 0.009324854348816953, 'train_end': 8686, 'inner_train_end': 8505, 'stopping_start': 8507, 'stopping_end': 8686, 'validation_start': 8688, 'validation_end': 8867, 'best_iteration': 19, 'prediction_constant': False, 'allocation_mean': 0.6333333333333333}]",,COMPLETE
8,0.7635663856485267,2026-09-16 01:09:57.253965,2026-09-16 01:09:59.695328,0 days 00:00:02.441363,0.7300733288106989,0.012529124220915776,3,262,0.0006232981268275579,909,8,0.00021066486017042195,0.0017956984225677636,0.7243929286862649,"[{'fold': 1, 'adjusted_sharpe': 0.2770781906630266, 'raw_sharpe': 0.2770781906630266, 'strategy_volatility': 0.16475922758066575, 'market_volatility': 0.18405361319648608, 'cumulative_return': 0.03470417309713761, 'max_drawdown': 0.13151115129392318, 'volatility_penalty': 1.0, 'return_penalty': 1.0, 'metric_errors': [], 'r2': 0.008520902769867278, 'spearman': 0.06432503060794056, 'rmse': 0.011513103949920396, 'train_end': 7966, 'inner_train_end': 7785, 'stopping_start': 7787, 'stopping_end': 7966, 'validation_start': 7968, 'validation_end': 8147, 'best_iteration': 174, 'prediction_constant': False, 'allocation_mean': 0.7055555555555556}, {'fold': 2, 'adjusted_sharpe': 0.049554220462710956, 'raw_sharpe': 0.049554220462710956, 'strategy_volatility': 0.1795558364757373, 'market_volatility': 0.24061547890237955, 'cumulative_return': 0.027560489458379866, 'max_drawdown': 0.12089843649966774, 'volatility_penalty': 1.0, 'return_penalty': 1.0, 'metric_errors': [], 'r2': 0.00039707360397533975, 'spearman': 0.034735639988888546, 'rmse': 0.015127086071951696, 'train_end': 8146, 'inner_train_end': 7965, 'stopping_start': 7967, 'stopping_end': 8146, 'validation_start': 8148, 'validation_end': 8327, 'best_iteration': 79, 'prediction_constant': False, 'allocation_mean': 0.36666666666666664}, {'fold': 3, 'adjusted_sharpe': 0.8536770306156668, 'raw_sharpe': 1.3215459564182852, 'strategy_volatility': 0.0038086656545025556, 'market_volatility': 0.12971198860867603, 'cumulative_return': 0.040213381251876214, 'max_drawdown': -0.0, 'volatility_penalty': 1.0, 'return_penalty': 1.5480631538899368, 'metric_errors': [], 'r2': -0.004893521974253634, 'spearman': 0.022521271232651213, 'rmse': 0.008168669560344483, 'train_end': 8326, 'inner_train_end': 8145, 'stopping_start': 8147, 'stopping_end': 8326, 'validation_start': 8328, 'validation_end': 8507, 'best_iteration': 151, 'prediction_constant': False, 'allocation_mean': 0.016666666666666666}, {'fold': 4, 'adjusted_sharpe': 2.4941780548716257, 'raw_sharpe': 2.4941780548716257, 'strategy_volatility': 0.1112305968042878, 'market_volatility': 0.1112305968042878, 'cumulative_return': 0.26545899123234523, 'max_drawdown': 0.05876421390677162, 'volatility_penalty': 1.0, 'return_penalty': 1.0, 'metric_errors': [], 'r2': -0.013098529605793274, 'spearman': -0.010199991764529973, 'rmse': 0.007033011006577148, 'train_end': 8506, 'inner_train_end': 8325, 'stopping_start': 8327, 'stopping_end': 8506, 'validation_start': 8508, 'validation_end': 8687, 'best_iteration': 1, 'prediction_constant': False, 'allocation_mean': 1.0}, {'fold': 5, 'adjusted_sharpe': 0.143344431629604, 'raw_sharpe': 0.143344431629604, 'strategy_volatility': 0.1478664678841467, 'market_volatility': 0.1478664678841467, 'cumulative_return': 0.048811456878790564, 'max_drawdown': 0.10035402840141125, 'volatility_penalty': 1.0, 'return_penalty': 1.0, 'metric_errors': [], 'r2': -0.0010510697277001935, 'spearman': -0.0253730582237208, 'rmse': 0.00929293430258362, 'train_end': 8686, 'inner_train_end': 8505, 'stopping_start': 8507, 'stopping_end': 8686, 'validation_start': 8688, 'validation_end': 8867, 'best_iteration': 8, 'prediction_constant': False, 'allocation_mean': 1.0}]",,COMPLETE
9,-0.035770076679781784,2026-09-16 01:09:59.702277,2026-09-16 01:10:02.428890,0 days 00:00:02.726613,0.7975182385457563,0.025065011471917552,7,53,0.000713244787222995,1809,85,0.011044350847124691,0.17583640270008521,0.9083868719818244,"[{'fold': 1, 'adjusted_sharpe': 0.021063376677432542, 'raw_sharpe': 0.021063376677432542, 'strategy_volatility': 0.16915296303267363, 'market_volatility': 0.18405361319648608, 'cumulative_return': 0.004062156062304589, 'max_drawdown': 0.1208308050691915, 'volatility_penalty': 1.0, 'return_penalty': 1.0, 'metric_errors': [], 'r2': 0.010149150465864176, 'spearman': 0.07782425449203847, 'rmse': 0.011503646419349377, 'train_end': 7966, 'inner_train_end': 7785, 'stopping_start': 7787, 'stopping_end': 7966, 'validation_start': 7968, 'validation_end': 8147, 'best_iteration': 31, 'prediction_constant': False, 'allocation_mean': 0.8333333333333334}, {'fold': 2, 'adjusted_sharpe': -0.4406201754717224, 'raw_sharpe': -0.4406201754717224, 'strategy_volatility': 0.1611718928978699, 'market_volatility': 0.24061547890237955, 'cumulative_return': -0.02945257018152311, 'max_drawdown': 0.15735636380175147, 'volatility_penalty': 1.0, 'return_penalty': 1.0, 'metric_errors': [], 'r2': -0.015299905779956546, 'spearman': 0.04788213627992633, 'rmse': 0.015245395362409138, 'train_end': 8146, 'inner_train_end': 7965, 'stopping_start': 7967, 'stopping_end': 8146, 'validation_start': 8148, 'validation_end': 8327, 'best_iteration': 104, 'prediction_constant': False, 'allocation_mean': 0.29444444444444445}, {'fold': 3, 'adjusted_sharpe': -0.28928262949571004, 'raw_sharpe': -0.5265454699046138, 'strategy_volatility': 0.021838545320679536, 'market_volatility': 0.12971198860867603, 'cumulative_return': 0.028003886526339734, 'max_drawdown': 0.01704645, 'volatility_penalty': 1.0, 'return_penalty': 1.8201765893185864, 'metric_errors': [], 'r2': -0.00553169513683005, 'spearman': 0.04376417597781977, 'rmse': 0.0081712629685927, 'train_end': 8326, 'inner_train_end': 8145, 'stopping_start': 8147, 'stopping_end': 8326, 'validation_start': 8328, 'validation_end': 8507, 'best_iteration': 48, 'prediction_constant': False, 'allocation_mean': 0.027777777777777776}, {'fold': 4, 'adjusted_sharpe': 0.3701145087885872, 'raw_sharpe': 1.8546945110924038, 'strategy_volatility': 0.041597514590236424, 'market_volatility': 0.1112305968042878, 'cumulative_return': 0.09692228775389512, 'max_drawdown': 0.0163701403180438, 'volatility_penalty': 1.0, 'return_penalty': 5.011137005039222, 'metric_errors': [], 'r2': -0.014936853145165685, 'spearman': 0.01038433699500947, 'rmse': 0.007039389009085958, 'train_end': 8506, 'inner_train_end': 8325, 'stopping_start': 8327, 'stopping_end': 8506, 'validation_start': 8508, 'validation_end': 8687, 'best_iteration': 10, 'prediction_constant': False, 'allocation_mean': 0.11666666666666667}, {'fold': 5, 'adjusted_sharpe': 0.15987453610250377, 'raw_sharpe': 0.1599793527226182, 'strategy_volatility': 0.11648585061021248, 'market_volatility': 0.1478664678841467, 'cumulative_return': 0.046895871448552305, 'max_drawdown': 0.07196471089738052, 'volatility_penalty': 1.0, 'return_penalty': 1.0006556179781327, 'metric_errors': [], 'r2': -0.011264480786833841, 'spearman': 0.006063976287322574, 'rmse': 0.00934022044872626, 'train_end': 8686, 'inner_train_end': 8505, 'stopping_start': 8507, 'stopping_end': 8686, 'validation_start': 8688, 'validation_end': 8867, 'best_iteration': 105, 'prediction_constant': False, 'allocation_mean': 0.4444444444444444}]",,COMPLETE
10,1.0077054789136712,2026-09-16 01:10:02.436945,2026-09-16 01:10:04.909998,0 days 00:00:02.473053,0.7877444618791577,0.028502386445081143,3,150,0.0008325076947404105,724,8,1.4209969789341111e-05,4.071570699987008,0.7200142681676905,"[{'fold': 1, 'adjusted_sharpe': 0.6604780338228147, 'raw_sharpe': 0.6604780338228147, 'strategy_volatility': 0.1703818806307163, 'market_volatility': 0.18405361319648608, 'cumulative_return': 0.08531802231175957, 'max_drawdown': 0.11078235665370789, 'volatility_penalty': 1.0, 'return_penalty': 1.0, 'metric_errors': [], 'r2': 0.0045538358394995315, 'spearman': 0.08397790055248618, 'rmse': 0.011536113844299704, 'train_end': 7966, 'inner_train_end': 7785, 'stopping_start': 7787, 'stopping_end': 7966, 'validation_start': 7968, 'validation_end': 8147, 'best_iteration': 118, 'prediction_constant': False, 'allocation_mean': 0.7666666666666667}, {'fold': 2, 'adjusted_sharpe': 0.8900786651404096, 'raw_sharpe': 0.8900786651404096, 'strategy_volatility': 0.17959668217172284, 'market_volatility': 0.24061547890237955, 'cumulative_return': 0.14450363158186108, 'max_drawdown': 0.08666301853005648, 'volatility_penalty': 1.0, 'return_penalty': 1.0, 'metric_errors': [], 'r2': 0.006271906401230987, 'spearman': 0.09347613609473543, 'rmse': 0.01508256836458135, 'train_end': 8146, 'inner_train_end': 7965, 'stopping_start': 7967, 'stopping_end': 8146, 'validation_start': 8148, 'validation_end': 8327, 'best_iteration': 61, 'prediction_constant': False, 'allocation_mean': 0.38333333333333336}, {'fold': 3, 'adjusted_sharpe': 1.2666773926145325, 'raw_sharpe': 1.278986514034992, 'strategy_volatility': 0.05411065855967825, 'market_volatility': 0.12971198860867603, 'cumulative_return': 0.08898891377879549, 'max_drawdown': 0.022037601233221852, 'volatility_penalty': 1.0, 'return_penalty': 1.0097176451496086, 'metric_errors': [], 'r2': 0.007328915521860324, 'spearman': 0.1865366215006636, 'rmse': 0.00811884015006538, 'train_end': 8326, 'inner_train_end': 8145, 'stopping_start': 8147, 'stopping_end': 8326, 'validation_start': 8328, 'validation_end': 8507, 'best_iteration': 222, 'prediction_constant': False, 'allocation_mean': 0.11666666666666667}, {'fold': 4, 'adjusted_sharpe': 2.2536162072450354, 'raw_sharpe': 2.338568763684939, 'strategy_volatility': 0.11032963084682447, 'market_volatility': 0.1112305968042878, 'cumulative_return': 0.2480524181100933, 'max_drawdown': 0.05876421390677162, 'volatility_penalty': 1.0, 'return_penalty': 1.037696106447404, 'metric_errors': [], 'r2': -0.013532637619181553, 'spearman': -0.016935959394259115, 'rmse': 0.007034517651468394, 'train_end': 8506, 'inner_train_end': 8325, 'stopping_start': 8327, 'stopping_end': 8506, 'validation_start': 8508, 'validation_end': 8687, 'best_iteration': 2, 'prediction_constant': False, 'allocation_mean': 0.9444444444444444}, {'fold': 5, 'adjusted_sharpe': -0.03232290425443627, 'raw_sharpe': -0.034555132408124516, 'strategy_volatility': 0.14711226982019196, 'market_volatility': 0.1478664678841467, 'cumulative_return': 0.02931223847149732, 'max_drawdown': 0.10035402840141124, 'volatility_penalty': 1.0, 'return_penalty': 1.069060259440699, 'metric_errors': [], 'r2': -0.0015519480698500399, 'spearman': 0.0037545563096897, 'rmse': 0.009295258883004509, 'train_end': 8686, 'inner_train_end': 8505, 'stopping_start': 8507, 'stopping_end': 8686, 'validation_start': 8688, 'validation_end': 8867, 'best_iteration': 3, 'prediction_constant': False, 'allocation_mean': 0.9333333333333333}]","{""colsample_bytree"": 0.7877444618791577, ""learning_rate"": 0.028502386445081143, ""max_depth"": 3, ""min_child_samples"": 150, ""min_split_gain"": 0.0008325076947404105, ""n_estimators"": 724, ""reg_alpha"": 1.4209969789341111e-05, ""reg_lambda"": 4.071570699987008, ""subsample"": 0.7200142681676905}",COMPLETE
11,0.08954268430586143,2026-09-16 01:10:04.917462,2026-09-16 01:10:06.990401,0 days 00:00:02.072939,0.7593202746040764,0.02875228716376528,4,45,0.0009021811750279083,813,16,4.3611340951369005e-05,4.229519539248509,0.7403792347630045,"[{'fold': 1, 'adjusted_sharpe': 0.08243783340524966, 'raw_sharpe': 0.08243783340524966, 'strategy_volatility': 0.1748696266793221, 'market_volatility': 0.18405361319648608, 'cumulative_return': 0.011877305659676915, 'max_drawdown': 0.12495264309220253, 'volatility_penalty': 1.0, 'return_penalty': 1.0, 'metric_errors': [], 'r2': 0.014619922157574794, 'spearman': 0.11833489734567368, 'rmse': 0.011477638268305373, 'train_end': 7966, 'inner_train_end': 7785, 'stopping_start': 7787, 'stopping_end': 7966, 'validation_start': 7968, 'validation_end': 8147, 'best_iteration': 54, 'prediction_constant': False, 'allocation_mean': 0.8055555555555556}, {'fold': 2, 'adjusted_sharpe': -0.67709828372082, 'raw_sharpe': -0.67709828372082, 'strategy_volatility': 0.15875899256144657, 'market_volatility': 0.24061547890237955, 'cumulative_return': -0.05442171631534312, 'max_drawdown': 0.14871691895265846, 'volatility_penalty': 1.0, 'return_penalty': 1.0, 'metric_errors': [], 'r2': -0.010385782910977692, 'spearman': -0.03622854032825336, 'rmse': 0.01520845621890837, 'train_end': 8146, 'inner_train_end': 7965, 'stopping_start': 7967, 'stopping_end': 8146, 'validation_start': 8148, 'validation_end': 8327, 'best_iteration': 43, 'prediction_constant': False, 'allocation_mean': 0.3055555555555556}, {'fold': 3, 'adjusted_sharpe': 0.8874498639683422, 'raw_sharpe': 1.2124087236887506, 'strategy_volatility': 0.01530218858489609, 'market_volatility': 0.12971198860867603, 'cumulative_return': 0.05030469230406626, 'max_drawdown': -0.0, 'volatility_penalty': 1.0, 'return_penalty': 1.3661715133599937, 'metric_errors': [], 'r2': -0.008453409048701843, 'spearman': -0.04833316186295302, 'rmse': 0.008183125735113926, 'train_end': 8326, 'inner_train_end': 8145, 'stopping_start': 8147, 'stopping_end': 8326, 'validation_start': 8328, 'validation_end': 8507, 'best_iteration': 34, 'prediction_constant': False, 'allocation_mean': 0.016666666666666666}, {'fold': 4, 'adjusted_sharpe': 0.09095887322536142, 'raw_sharpe': 0.6574527327809395, 'strategy_volatility': 0.042389148565565436, 'market_volatility': 0.1112305968042878, 'cumulative_return': 0.058996473899482815, 'max_drawdown': 0.016622644011876398, 'volatility_penalty': 1.0, 'return_penalty': 7.228021956164983, 'metric_errors': [], 'r2': -0.017391838507874624, 'spearman': 0.08199195543995665, 'rmse': 0.007047897498616927, 'train_end': 8506, 'inner_train_end': 8325, 'stopping_start': 8327, 'stopping_end': 8506, 'validation_start': 8508, 'validation_end': 8687, 'best_iteration': 49, 'prediction_constant': False, 'allocation_mean': 0.14444444444444443}, {'fold': 5, 'adjusted_sharpe': 0.06396513465117379, 'raw_sharpe': 0.06490094500248271, 'strategy_volatility': 0.14021950399199043, 'market_volatility': 0.1478664678841467, 'cumulative_return': 0.039790819863566605, 'max_drawdown': 0.10876047305228334, 'volatility_penalty': 1.0, 'return_penalty': 1.0146300067437088, 'metric_errors': [], 'r2': -0.0007685563478310176, 'spearman': 0.11979211671071241, 'rmse': 0.009291622899191875, 'train_end': 8686, 'inner_train_end': 8505, 'stopping_start': 8507, 'stopping_end': 8686, 'validation_start': 8688, 'validation_end': 8867, 'best_iteration': 12, 'prediction_constant': False, 'allocation_mean': 0.8666666666666667}]","{""colsample_bytree"": 0.7593202746040764, ""learning_rate"": 0.02875228716376528, ""max_depth"": 4, ""min_child_samples"": 45, ""min_split_gain"": 0.0009021811750279083, ""n_estimators"": 813, ""reg_alpha"": 4.3611340951369005e-05, ""reg_lambda"": 4.229519539248509, ""subsample"": 0.7403792347630045}",COMPLETE
