number,value,datetime_start,datetime_complete,duration,params_colsample_bytree,params_learning_rate,params_max_depth,params_min_child_samples,params_min_split_gain,params_n_estimators,params_num_leaves,params_reg_alpha,params_reg_lambda,params_subsample,user_attrs_fold_metrics,system_attrs_tpe:relative_params:0,state
22,0.052730643683916834,2026-09-16 01:10:31.306311,2026-09-16 01:10:33.893078,0 days 00:00:02.586767,0.8005816500174255,0.01609049841889789,5,90,0.0009316222298829518,684,21,8.332857773444289e-05,0.2074339218900915,0.796151210729485,"[{'fold': 1, 'adjusted_sharpe': 0.5562678756366551, 'raw_sharpe': 0.5562678756366551, 'strategy_volatility': 0.16564968105360045, 'market_volatility': 0.18405361319648608, 'cumulative_return': 0.06963295484966943, 'max_drawdown': 0.12975797064057265, 'volatility_penalty': 1.0, 'return_penalty': 1.0, 'metric_errors': [], 'r2': 0.01158129108523931, 'spearman': 0.11499531878555921, 'rmse': 0.011495321527431804, 'train_end': 7966, 'inner_train_end': 7785, 'stopping_start': 7787, 'stopping_end': 7966, 'validation_start': 7968, 'validation_end': 8147, 'best_iteration': 93, 'prediction_constant': False, 'allocation_mean': 0.7555555555555555}, {'fold': 2, 'adjusted_sharpe': -0.12085722047304652, 'raw_sharpe': -0.12085722047304652, 'strategy_volatility': 0.18147158768036933, 'market_volatility': 0.24061547890237955, 'cumulative_return': 0.005180098018366036, 'max_drawdown': 0.15647940629794024, 'volatility_penalty': 1.0, 'return_penalty': 1.0, 'metric_errors': [], 'r2': 0.00023359474781636802, 'spearman': 0.04118028334207846, 'rmse': 0.015128322991913495, 'train_end': 8146, 'inner_train_end': 7965, 'stopping_start': 7967, 'stopping_end': 8146, 'validation_start': 8148, 'validation_end': 8327, 'best_iteration': 90, 'prediction_constant': False, 'allocation_mean': 0.43333333333333335}, {'fold': 3, 'adjusted_sharpe': -0.11783825821406281, 'raw_sharpe': -0.2088603919542296, 'strategy_volatility': 0.04224611899056859, 'market_volatility': 0.12971198860867603, 'cumulative_return': 0.029971026994801097, 'max_drawdown': 0.021442766475069628, 'volatility_penalty': 1.0, 'return_penalty': 1.7724327830339925, 'metric_errors': [], 'r2': 0.0005023104310574178, 'spearman': 0.09207186648961783, 'rmse': 0.008146708975206262, 'train_end': 8326, 'inner_train_end': 8145, 'stopping_start': 8147, 'stopping_end': 8326, 'validation_start': 8328, 'validation_end': 8507, 'best_iteration': 106, 'prediction_constant': False, 'allocation_mean': 0.08333333333333333}, {'fold': 4, 'adjusted_sharpe': 0.08004787389514575, 'raw_sharpe': 0.5750689123487541, 'strategy_volatility': 0.04999603322468787, 'market_volatility': 0.1112305968042878, 'cumulative_return': 0.05966400076878329, 'max_drawdown': 0.034953050538039855, 'volatility_penalty': 1.0, 'return_penalty': 7.184062291298749, 'metric_errors': [], 'r2': -0.01817429179499963, 'spearman': 0.08066834543108885, 'rmse': 0.0070506071678246894, 'train_end': 8506, 'inner_train_end': 8325, 'stopping_start': 8327, 'stopping_end': 8506, 'validation_start': 8508, 'validation_end': 8687, 'best_iteration': 69, 'prediction_constant': False, 'allocation_mean': 0.17222222222222222}, {'fold': 5, 'adjusted_sharpe': -0.13396705242510737, 'raw_sharpe': -0.16044279749127463, 'strategy_volatility': 0.1449714422886093, 'market_volatility': 0.1478664678841467, 'cumulative_return': 0.016036400866152625, 'max_drawdown': 0.10411965603383228, 'volatility_penalty': 1.0, 'return_penalty': 1.1976287795162786, 'metric_errors': [], 'r2': -0.0004282558409169912, 'spearman': 0.05873527600724893, 'rmse': 0.009290043007015757, 'train_end': 8686, 'inner_train_end': 8505, 'stopping_start': 8507, 'stopping_end': 8686, 'validation_start': 8688, 'validation_end': 8867, 'best_iteration': 7, 'prediction_constant': False, 'allocation_mean': 0.9111111111111111}]","{""colsample_bytree"": 0.8005816500174255, ""learning_rate"": 0.01609049841889789, ""max_depth"": 5, ""min_child_samples"": 90, ""min_split_gain"": 0.0009316222298829518, ""n_estimators"": 684, ""reg_alpha"": 8.332857773444289e-05, ""reg_lambda"": 0.2074339218900915, ""subsample"": 0.796151210729485}",COMPLETE
23,0.7874640031799224,2026-09-16 01:10:33.905536,2026-09-16 01:10:36.246978,0 days 00:00:02.341442,0.8176086398559141,0.019848044300699412,5,73,0.0007868785164202315,624,13,5.9681211981606524e-05,0.5827183154169314,0.7199483323347582,"[{'fold': 1, 'adjusted_sharpe': 0.5491465673379767, 'raw_sharpe': 0.5491465673379767, 'strategy_volatility': 0.16543965561807367, 'market_volatility': 0.18405361319648608, 'cumulative_return': 0.06864321798081927, 'max_drawdown': 0.09027208825567964, 'volatility_penalty': 1.0, 'return_penalty': 1.0, 'metric_errors': [], 'r2': 0.017708733937691457, 'spearman': 0.15972509439591756, 'rmse': 0.011459635016951065, 'train_end': 7966, 'inner_train_end': 7785, 'stopping_start': 7787, 'stopping_end': 7966, 'validation_start': 7968, 'validation_end': 8147, 'best_iteration': 113, 'prediction_constant': False, 'allocation_mean': 0.7611111111111111}, {'fold': 2, 'adjusted_sharpe': 0.5085610961278662, 'raw_sharpe': 0.5085610961278662, 'strategy_volatility': 0.1569878032715462, 'market_volatility': 0.24061547890237955, 'cumulative_return': 0.08095664520039667, 'max_drawdown': 0.12120012210276476, 'volatility_penalty': 1.0, 'return_penalty': 1.0, 'metric_errors': [], 'r2': -0.0012323275641941134, 'spearman': 0.06692799160467916, 'rmse': 0.01513940999320503, 'train_end': 8146, 'inner_train_end': 7965, 'stopping_start': 7967, 'stopping_end': 8146, 'validation_start': 8148, 'validation_end': 8327, 'best_iteration': 112, 'prediction_constant': False, 'allocation_mean': 0.37222222222222223}, {'fold': 3, 'adjusted_sharpe': 0.5296248985501258, 'raw_sharpe': 0.6998334949573493, 'strategy_volatility': 0.031971322473208184, 'market_volatility': 0.12971198860867603, 'cumulative_return': 0.05317541639937016, 'max_drawdown': 0.01704645, 'volatility_penalty': 1.0, 'return_penalty': 1.3213757451229688, 'metric_errors': [], 'r2': -0.0010430120499520523, 'spearman': 0.02768262213112573, 'rmse': 0.008153004352545089, 'train_end': 8326, 'inner_train_end': 8145, 'stopping_start': 8147, 'stopping_end': 8326, 'validation_start': 8328, 'validation_end': 8507, 'best_iteration': 49, 'prediction_constant': False, 'allocation_mean': 0.03333333333333333}, {'fold': 4, 'adjusted_sharpe': 2.4941780548716257, 'raw_sharpe': 2.4941780548716257, 'strategy_volatility': 0.1112305968042878, 'market_volatility': 0.1112305968042878, 'cumulative_return': 0.26545899123234523, 'max_drawdown': 0.05876421390677162, 'volatility_penalty': 1.0, 'return_penalty': 1.0, 'metric_errors': [], 'r2': -0.01321019890532038, 'spearman': -0.010199991764529973, 'rmse': 0.007033398604500214, 'train_end': 8506, 'inner_train_end': 8325, 'stopping_start': 8327, 'stopping_end': 8506, 'validation_start': 8508, 'validation_end': 8687, 'best_iteration': 1, 'prediction_constant': False, 'allocation_mean': 1.0}, {'fold': 5, 'adjusted_sharpe': -0.14419060098798286, 'raw_sharpe': -0.17584854098030286, 'strategy_volatility': 0.1459266549178715, 'market_volatility': 0.1478664678841467, 'cumulative_return': 0.014295587065379412, 'max_drawdown': 0.10495384529175363, 'volatility_penalty': 1.0, 'return_penalty': 1.2195561969740207, 'metric_errors': [], 'r2': -0.0014451791876919362, 'spearman': -0.0324842555441025, 'rmse': 0.009294763416517159, 'train_end': 8686, 'inner_train_end': 8505, 'stopping_start': 8507, 'stopping_end': 8686, 'validation_start': 8688, 'validation_end': 8867, 'best_iteration': 3, 'prediction_constant': False, 'allocation_mean': 0.9}]","{""colsample_bytree"": 0.8176086398559141, ""learning_rate"": 0.019848044300699412, ""max_depth"": 5, ""min_child_samples"": 73, ""min_split_gain"": 0.0007868785164202315, ""n_estimators"": 624, ""reg_alpha"": 5.9681211981606524e-05, ""reg_lambda"": 0.5827183154169314, ""subsample"": 0.7199483323347582}",COMPLETE
24,0.7974603634445233,2026-09-16 01:10:36.259639,2026-09-16 01:10:38.609464,0 days 00:00:02.349825,0.8281038243070853,0.03410051306455359,6,24,0.0006408276866640895,719,22,0.0001812611767008372,0.2184729635197718,0.6932835694530508,"[{'fold': 1, 'adjusted_sharpe': 0.9139821214801722, 'raw_sharpe': 0.9139821214801722, 'strategy_volatility': 0.1206531610332523, 'market_volatility': 0.18405361319648608, 'cumulative_return': 0.08356778296735332, 'max_drawdown': 0.09068385485698663, 'volatility_penalty': 1.0, 'return_penalty': 1.0, 'metric_errors': [], 'r2': 0.013855733318151264, 'spearman': 0.05927343436525819, 'rmse': 0.011482088014840219, 'train_end': 7966, 'inner_train_end': 7785, 'stopping_start': 7787, 'stopping_end': 7966, 'validation_start': 7968, 'validation_end': 8147, 'best_iteration': 122, 'prediction_constant': False, 'allocation_mean': 0.45555555555555555}, {'fold': 2, 'adjusted_sharpe': 0.45014766396958406, 'raw_sharpe': 0.45014766396958406, 'strategy_volatility': 0.1573798806403228, 'market_volatility': 0.24061547890237955, 'cumulative_return': 0.07403955843566987, 'max_drawdown': 0.1083848114932882, 'volatility_penalty': 1.0, 'return_penalty': 1.0, 'metric_errors': [], 'r2': -0.00954554586031997, 'spearman': 0.04149922322705433, 'rmse': 0.015202131225814618, 'train_end': 8146, 'inner_train_end': 7965, 'stopping_start': 7967, 'stopping_end': 8146, 'validation_start': 8148, 'validation_end': 8327, 'best_iteration': 54, 'prediction_constant': False, 'allocation_mean': 0.3388888888888889}, {'fold': 3, 'adjusted_sharpe': 2.0105167784083493, 'raw_sharpe': 2.0105167784083493, 'strategy_volatility': 0.06456966066560234, 'market_volatility': 0.12971198860867603, 'cumulative_return': 0.1371421234620228, 'max_drawdown': 0.024616524701389253, 'volatility_penalty': 1.0, 'return_penalty': 1.0, 'metric_errors': [], 'r2': -0.0001758149768880113, 'spearman': 0.15552516123471463, 'rmse': 0.008149472139982733, 'train_end': 8326, 'inner_train_end': 8145, 'stopping_start': 8147, 'stopping_end': 8326, 'validation_start': 8328, 'validation_end': 8507, 'best_iteration': 15, 'prediction_constant': False, 'allocation_mean': 0.20555555555555555}, {'fold': 4, 'adjusted_sharpe': 0.5409559637392013, 'raw_sharpe': 1.4340115346631797, 'strategy_volatility': 0.10386400478612764, 'market_volatility': 0.1112305968042878, 'cumulative_return': 0.15460152349324935, 'max_drawdown': 0.054478368584236346, 'volatility_penalty': 1.0, 'return_penalty': 2.650884047475862, 'metric_errors': [], 'r2': -0.013630210866566461, 'spearman': -0.16715806385550608, 'rmse': 0.00703485625142404, 'train_end': 8506, 'inner_train_end': 8325, 'stopping_start': 8327, 'stopping_end': 8506, 'validation_start': 8508, 'validation_end': 8687, 'best_iteration': 2, 'prediction_constant': False, 'allocation_mean': 0.8944444444444445}, {'fold': 5, 'adjusted_sharpe': 0.07169928962531001, 'raw_sharpe': 0.07255454191989327, 'strategy_volatility': 0.14160586285957194, 'market_volatility': 0.1478664678841467, 'cumulative_return': 0.040663031471071684, 'max_drawdown': 0.08405622342331899, 'volatility_penalty': 1.0, 'return_penalty': 1.0119283231263891, 'metric_errors': [], 'r2': -0.0010344818240286546, 'spearman': -0.02621985083443496, 'rmse': 0.009292857308041438, 'train_end': 8686, 'inner_train_end': 8505, 'stopping_start': 8507, 'stopping_end': 8686, 'validation_start': 8688, 'validation_end': 8867, 'best_iteration': 1, 'prediction_constant': False, 'allocation_mean': 0.9611111111111111}]","{""colsample_bytree"": 0.8281038243070853, ""learning_rate"": 0.03410051306455359, ""max_depth"": 6, ""min_child_samples"": 24, ""min_split_gain"": 0.0006408276866640895, ""n_estimators"": 719, ""reg_alpha"": 0.0001812611767008372, ""reg_lambda"": 0.2184729635197718, ""subsample"": 0.6932835694530508}",COMPLETE
25,0.20737349278591682,2026-09-16 01:10:38.623355,2026-09-16 01:10:40.884379,0 days 00:00:02.261024,0.8097637066615019,0.0344645695229857,5,41,0.0005667956340383294,810,22,0.00019796760840084526,1.1941090421256593,0.6715915946420982,"[{'fold': 1, 'adjusted_sharpe': 0.008765950573961182, 'raw_sharpe': 0.008765950573961182, 'strategy_volatility': 0.17835694436114224, 'market_volatility': 0.18405361319648608, 'cumulative_return': 0.0026302709086138375, 'max_drawdown': 0.1272399166234503, 'volatility_penalty': 1.0, 'return_penalty': 1.0, 'metric_errors': [], 'r2': 3.610305587931073e-06, 'spearman': 0.10431800423165291, 'rmse': 0.011562449809361849, 'train_end': 7966, 'inner_train_end': 7785, 'stopping_start': 7787, 'stopping_end': 7966, 'validation_start': 7968, 'validation_end': 8147, 'best_iteration': 2, 'prediction_constant': False, 'allocation_mean': 0.95}, {'fold': 2, 'adjusted_sharpe': 0.07710651182772957, 'raw_sharpe': 0.07710651182772957, 'strategy_volatility': 0.1431769109272031, 'market_volatility': 0.24061547890237955, 'cumulative_return': 0.02913703178726074, 'max_drawdown': 0.12292650422507564, 'volatility_penalty': 1.0, 'return_penalty': 1.0, 'metric_errors': [], 'r2': 0.003286801334279388, 'spearman': 0.04083459366029815, 'rmse': 0.015105204984461705, 'train_end': 8146, 'inner_train_end': 7965, 'stopping_start': 7967, 'stopping_end': 8146, 'validation_start': 8148, 'validation_end': 8327, 'best_iteration': 66, 'prediction_constant': False, 'allocation_mean': 0.26666666666666666}, {'fold': 3, 'adjusted_sharpe': 0.37966868574422763, 'raw_sharpe': 0.4979485535042524, 'strategy_volatility': 0.046690254737179054, 'market_volatility': 0.12971198860867603, 'cumulative_return': 0.05383382754054949, 'max_drawdown': 0.017046450000000005, 'volatility_penalty': 1.0, 'return_penalty': 1.311534430415751, 'metric_errors': [], 'r2': 0.0005424096287711677, 'spearman': 0.14982532618155836, 'rmse': 0.008146545553232454, 'train_end': 8326, 'inner_train_end': 8145, 'stopping_start': 8147, 'stopping_end': 8326, 'validation_start': 8328, 'validation_end': 8507, 'best_iteration': 36, 'prediction_constant': False, 'allocation_mean': 0.07777777777777778}, {'fold': 4, 'adjusted_sharpe': 0.8639677514208748, 'raw_sharpe': 2.507747267805204, 'strategy_volatility': 0.05562537345476255, 'market_volatility': 0.1112305968042878, 'cumulative_return': 0.14684107327762017, 'max_drawdown': 0.01645311567938576, 'volatility_penalty': 1.0, 'return_penalty': 2.9025936022276086, 'metric_errors': [], 'r2': -0.015332223853431248, 'spearman': 0.09990259356675422, 'rmse': 0.007040759979710993, 'train_end': 8506, 'inner_train_end': 8325, 'stopping_start': 8327, 'stopping_end': 8506, 'validation_start': 8508, 'validation_end': 8687, 'best_iteration': 42, 'prediction_constant': False, 'allocation_mean': 0.2222222222222222}, {'fold': 5, 'adjusted_sharpe': -0.2926414356372091, 'raw_sharpe': -0.46869065649756025, 'strategy_volatility': 0.12026309964481363, 'market_volatility': 0.1478664678841467, 'cumulative_return': -0.007707521200096535, 'max_drawdown': 0.086509028036128, 'volatility_penalty': 1.0, 'return_penalty': 1.6015867864952704, 'metric_errors': [], 'r2': -0.012138743817864839, 'spearman': -0.03151579153122728, 'rmse': 0.009344257001711057, 'train_end': 8686, 'inner_train_end': 8505, 'stopping_start': 8507, 'stopping_end': 8686, 'validation_start': 8688, 'validation_end': 8867, 'best_iteration': 47, 'prediction_constant': False, 'allocation_mean': 0.4166666666666667}]","{""colsample_bytree"": 0.8097637066615019, ""learning_rate"": 0.0344645695229857, ""max_depth"": 5, ""min_child_samples"": 41, ""min_split_gain"": 0.0005667956340383294, ""n_estimators"": 810, ""reg_alpha"": 0.00019796760840084526, ""reg_lambda"": 1.1941090421256593, ""subsample"": 0.6715915946420982}",COMPLETE
26,-0.025245978044785,2026-09-16 01:10:40.898913,2026-09-16 01:10:43.346168,0 days 00:00:02.447255,0.8232746211441824,0.02581508568696827,7,122,0.0008782371236814293,751,73,0.00029305419126743863,2.6669649858936015,0.6524729507321438,"[{'fold': 1, 'adjusted_sharpe': 0.6504434180575396, 'raw_sharpe': 0.6504434180575396, 'strategy_volatility': 0.16855936253076517, 'market_volatility': 0.18405361319648608, 'cumulative_return': 0.0830776496084478, 'max_drawdown': 0.13050551652595258, 'volatility_penalty': 1.0, 'return_penalty': 1.0, 'metric_errors': [], 'r2': 0.00870893986001442, 'spearman': 0.10452380217496425, 'rmse': 0.011512012150191262, 'train_end': 7966, 'inner_train_end': 7785, 'stopping_start': 7787, 'stopping_end': 7966, 'validation_start': 7968, 'validation_end': 8147, 'best_iteration': 109, 'prediction_constant': False, 'allocation_mean': 0.7277777777777777}, {'fold': 2, 'adjusted_sharpe': -0.4692965839048139, 'raw_sharpe': -0.4692965839048139, 'strategy_volatility': 0.1516749522308141, 'market_volatility': 0.24061547890237955, 'cumulative_return': -0.02955944731722215, 'max_drawdown': 0.10321998593352585, 'volatility_penalty': 1.0, 'return_penalty': 1.0, 'metric_errors': [], 'r2': -0.00416708485685513, 'spearman': -0.012844017819480023, 'rmse': 0.015161581662174368, 'train_end': 8146, 'inner_train_end': 7965, 'stopping_start': 7967, 'stopping_end': 8146, 'validation_start': 8148, 'validation_end': 8327, 'best_iteration': 70, 'prediction_constant': False, 'allocation_mean': 0.2722222222222222}, {'fold': 3, 'adjusted_sharpe': -0.08897232257825612, 'raw_sharpe': -0.1541796607646278, 'strategy_volatility': 0.04244821571807594, 'market_volatility': 0.12971198860867603, 'cumulative_return': 0.031648117143166316, 'max_drawdown': 0.029973931965985114, 'volatility_penalty': 1.0, 'return_penalty': 1.7328946384311616, 'metric_errors': [], 'r2': 0.003613832656087612, 'spearman': 0.1140899997376612, 'rmse': 0.008134018388117552, 'train_end': 8326, 'inner_train_end': 8145, 'stopping_start': 8147, 'stopping_end': 8326, 'validation_start': 8328, 'validation_end': 8507, 'best_iteration': 49, 'prediction_constant': False, 'allocation_mean': 0.08333333333333333}, {'fold': 4, 'adjusted_sharpe': 0.051449961001851084, 'raw_sharpe': 0.37419783160365544, 'strategy_volatility': 0.07207005167566544, 'market_volatility': 0.1112305968042878, 'cumulative_return': 0.058316175982058384, 'max_drawdown': 0.0476294431005018, 'volatility_penalty': 1.0, 'return_penalty': 7.273044027967143, 'metric_errors': [], 'r2': -0.028095964702458343, 'spearman': -0.03144129962858936, 'rmse': 0.0070848764606523795, 'train_end': 8506, 'inner_train_end': 8325, 'stopping_start': 8327, 'stopping_end': 8506, 'validation_start': 8508, 'validation_end': 8687, 'best_iteration': 112, 'prediction_constant': False, 'allocation_mean': 0.25555555555555554}, {'fold': 5, 'adjusted_sharpe': -0.26985436280024566, 'raw_sharpe': -1.3632720915114491, 'strategy_volatility': 0.13210642931755173, 'market_volatility': 0.1478664678841467, 'cumulative_return': -0.0916647377168641, 'max_drawdown': 0.13426016666050858, 'volatility_penalty': 1.0, 'return_penalty': 5.051880864051786, 'metric_errors': [], 'r2': -0.004779112238099792, 'spearman': -0.1295623419055058, 'rmse': 0.00931022226120912, 'train_end': 8686, 'inner_train_end': 8505, 'stopping_start': 8507, 'stopping_end': 8686, 'validation_start': 8688, 'validation_end': 8867, 'best_iteration': 14, 'prediction_constant': False, 'allocation_mean': 0.7555555555555555}]","{""colsample_bytree"": 0.8232746211441824, ""learning_rate"": 0.02581508568696827, ""max_depth"": 7, ""min_child_samples"": 122, ""min_split_gain"": 0.0008782371236814293, ""n_estimators"": 751, ""reg_alpha"": 0.00029305419126743863, ""reg_lambda"": 2.6669649858936015, ""subsample"": 0.6524729507321438}",COMPLETE
