number,value,datetime_start,datetime_complete,duration,params_colsample_bytree,params_learning_rate,params_max_depth,params_min_child_samples,params_min_split_gain,params_n_estimators,params_num_leaves,params_reg_alpha,params_reg_lambda,params_subsample,user_attrs_fold_metrics,system_attrs_tpe:relative_params:0,state
0,0.46789729140867314,2026-09-16 01:09:35.876687,2026-09-16 01:09:38.451711,0 days 00:00:02.575024,0.8832290311184181,0.0320571649322729,5,63,0.00015599452033620266,1545,31,1.7073967431528103e-05,2.9154431891537547,0.8404460046972835,"[{'fold': 1, 'adjusted_sharpe': -0.20112797002377822, 'raw_sharpe': -0.20112797002377822, 'strategy_volatility': 0.1634362385802994, 'market_volatility': 0.18405361319648608, 'cumulative_return': -0.021729762116655553, 'max_drawdown': 0.13826737290145927, 'volatility_penalty': 1.0, 'return_penalty': 1.0, 'metric_errors': [], 'r2': 9.260318031933945e-05, 'spearman': 0.03527527605753141, 'rmse': 0.011561935308233618, 'train_end': 7966, 'inner_train_end': 7785, 'stopping_start': 7787, 'stopping_end': 7966, 'validation_start': 7968, 'validation_end': 8147, 'best_iteration': 52, 'prediction_constant': False, 'allocation_mean': 0.7944444444444444}, {'fold': 2, 'adjusted_sharpe': -0.4323361134862651, 'raw_sharpe': -0.4323361134862651, 'strategy_volatility': 0.1624597746181815, 'market_volatility': 0.24061547890237955, 'cumulative_return': -0.028907679733642135, 'max_drawdown': 0.12644177327395087, 'volatility_penalty': 1.0, 'return_penalty': 1.0, 'metric_errors': [], 'r2': -0.0024688323347503704, 'spearman': 0.0366657407121619, 'rmse': 0.01514875556467019, 'train_end': 8146, 'inner_train_end': 7965, 'stopping_start': 7967, 'stopping_end': 8146, 'validation_start': 8148, 'validation_end': 8327, 'best_iteration': 34, 'prediction_constant': False, 'allocation_mean': 0.39444444444444443}, {'fold': 3, 'adjusted_sharpe': 0.6225548725264394, 'raw_sharpe': 0.7866229548201542, 'strategy_volatility': 0.035250015895359456, 'market_volatility': 0.12971198860867603, 'cumulative_return': 0.05720932381172056, 'max_drawdown': 0.01704645, 'volatility_penalty': 1.0, 'return_penalty': 1.263539953719898, 'metric_errors': [], 'r2': -0.0008262313397191523, 'spearman': -0.014975924295061343, 'rmse': 0.008152121518466691, 'train_end': 8326, 'inner_train_end': 8145, 'stopping_start': 8147, 'stopping_end': 8326, 'validation_start': 8328, 'validation_end': 8507, 'best_iteration': 8, 'prediction_constant': False, 'allocation_mean': 0.07777777777777778}, {'fold': 4, 'adjusted_sharpe': 2.4586268930698876, 'raw_sharpe': 2.4644493285672837, 'strategy_volatility': 0.11059774299347001, 'market_volatility': 0.1112305968042878, 'cumulative_return': 0.261073561449427, 'max_drawdown': 0.054478368584236346, 'volatility_penalty': 1.0, 'return_penalty': 1.0023681655454952, 'metric_errors': [], 'r2': -0.012830932140606377, 'spearman': 0.04569687411655678, 'rmse': 0.007032082103732449, 'train_end': 8506, 'inner_train_end': 8325, 'stopping_start': 8327, 'stopping_end': 8506, 'validation_start': 8508, 'validation_end': 8687, 'best_iteration': 1, 'prediction_constant': False, 'allocation_mean': 0.9833333333333333}, {'fold': 5, 'adjusted_sharpe': -0.1082312250429177, 'raw_sharpe': -0.125163187713622, 'strategy_volatility': 0.14666434640139592, 'market_volatility': 0.1478664678841467, 'cumulative_return': 0.019600385823425874, 'max_drawdown': 0.10495384529175364, 'volatility_penalty': 1.0, 'return_penalty': 1.1564424930420047, 'metric_errors': [], 'r2': -0.0015970058384873198, 'spearman': -0.10219551852096141, 'rmse': 0.009295467967972383, 'train_end': 8686, 'inner_train_end': 8505, 'stopping_start': 8507, 'stopping_end': 8686, 'validation_start': 8688, 'validation_end': 8867, 'best_iteration': 3, 'prediction_constant': False, 'allocation_mean': 0.9666666666666667}]",,COMPLETE
1,0.5974646049044479,2026-09-16 01:09:38.456169,2026-09-16 01:09:41.690043,0 days 00:00:03.233874,0.7727780074568463,0.05052375775428282,3,79,0.00018182496720710062,1949,8,5.415244119402538e-05,0.016480446427978974,0.8099025726528951,"[{'fold': 1, 'adjusted_sharpe': 1.3548659242264949, 'raw_sharpe': 1.3548659242264949, 'strategy_volatility': 0.14918765637673517, 'market_volatility': 0.18405361319648608, 'cumulative_return': 0.15699685268862842, 'max_drawdown': 0.09863595441935354, 'volatility_penalty': 1.0, 'return_penalty': 1.0, 'metric_errors': [], 'r2': 0.01911078406153044, 'spearman': 0.18364037806746436, 'rmse': 0.011451453777561179, 'train_end': 7966, 'inner_train_end': 7785, 'stopping_start': 7787, 'stopping_end': 7966, 'validation_start': 7968, 'validation_end': 8147, 'best_iteration': 101, 'prediction_constant': False, 'allocation_mean': 0.55}, {'fold': 2, 'adjusted_sharpe': 1.2579371490436007, 'raw_sharpe': 1.2579371490436007, 'strategy_volatility': 0.15689759373054102, 'market_volatility': 0.24061547890237955, 'cumulative_return': 0.17556116773015118, 'max_drawdown': 0.0895922003844191, 'volatility_penalty': 1.0, 'return_penalty': 1.0, 'metric_errors': [], 'r2': 0.024243820489814105, 'spearman': 0.15043468419807196, 'rmse': 0.014945559358259796, 'train_end': 8146, 'inner_train_end': 7965, 'stopping_start': 7967, 'stopping_end': 8146, 'validation_start': 8148, 'validation_end': 8327, 'best_iteration': 126, 'prediction_constant': False, 'allocation_mean': 0.2833333333333333}, {'fold': 3, 'adjusted_sharpe': 0.28892544181760893, 'raw_sharpe': 0.3837912094124559, 'strategy_volatility': 0.05670702583065586, 'market_volatility': 0.12971198860867603, 'cumulative_return': 0.05271681263105118, 'max_drawdown': 0.04244637762065925, 'volatility_penalty': 1.0, 'return_penalty': 1.3283399585652733, 'metric_errors': [], 'r2': -0.0074318809757840665, 'spearman': 0.09968111139291183, 'rmse': 0.00817898007475008, 'train_end': 8326, 'inner_train_end': 8145, 'stopping_start': 8147, 'stopping_end': 8326, 'validation_start': 8328, 'validation_end': 8507, 'best_iteration': 145, 'prediction_constant': False, 'allocation_mean': 0.16666666666666666}, {'fold': 4, 'adjusted_sharpe': 0.026617735254822045, 'raw_sharpe': 0.21389389042023377, 'strategy_volatility': 0.056938189564874425, 'market_volatility': 0.1112305968042878, 'cumulative_return': 0.04719790070886494, 'max_drawdown': 0.022090609217994443, 'volatility_penalty': 1.0, 'return_penalty': 8.035765942239017, 'metric_errors': [], 'r2': -0.017062815553753996, 'spearman': -0.09727821585043075, 'rmse': 0.007046757766862812, 'train_end': 8506, 'inner_train_end': 8325, 'stopping_start': 8327, 'stopping_end': 8506, 'validation_start': 8508, 'validation_end': 8687, 'best_iteration': 16, 'prediction_constant': False, 'allocation_mean': 0.2777777777777778}, {'fold': 5, 'adjusted_sharpe': 0.058976774179712775, 'raw_sharpe': 0.05987991507474643, 'strategy_volatility': 0.14731252747750928, 'market_volatility': 0.1478664678841467, 'cumulative_return': 0.03958373506523554, 'max_drawdown': 0.10035402840141125, 'volatility_penalty': 1.0, 'return_penalty': 1.0153135010789438, 'metric_errors': [], 'r2': -0.0006651086477427182, 'spearman': -0.04641790135870377, 'rmse': 0.009291142657354985, 'train_end': 8686, 'inner_train_end': 8505, 'stopping_start': 8507, 'stopping_end': 8686, 'validation_start': 8688, 'validation_end': 8867, 'best_iteration': 3, 'prediction_constant': False, 'allocation_mean': 0.9888888888888889}]",,COMPLETE
2,0.13942358200890087,2026-09-16 01:09:41.694372,2026-09-16 01:09:44.946863,0 days 00:00:03.252491,0.836965827544817,0.01765594103994318,4,122,0.0004560699842170359,537,13,0.013826232179369865,0.006290644294586149,0.8056937753654446,"[{'fold': 1, 'adjusted_sharpe': 0.552471864122843, 'raw_sharpe': 0.552471864122843, 'strategy_volatility': 0.1531781017204096, 'market_volatility': 0.18405361319648608, 'cumulative_return': 0.06390482662979875, 'max_drawdown': 0.11200692764730073, 'volatility_penalty': 1.0, 'return_penalty': 1.0, 'metric_errors': [], 'r2': 0.004580804356144386, 'spearman': 0.08417132216014897, 'rmse': 0.011535957575685383, 'train_end': 7966, 'inner_train_end': 7785, 'stopping_start': 7787, 'stopping_end': 7966, 'validation_start': 7968, 'validation_end': 8147, 'best_iteration': 245, 'prediction_constant': False, 'allocation_mean': 0.6777777777777778}, {'fold': 2, 'adjusted_sharpe': 0.04956787347317869, 'raw_sharpe': 0.04956787347317869, 'strategy_volatility': 0.15742823271555376, 'market_volatility': 0.24061547890237955, 'cumulative_return': 0.026756753331586308, 'max_drawdown': 0.12202008271640823, 'volatility_penalty': 1.0, 'return_penalty': 1.0, 'metric_errors': [], 'r2': 0.00678930601768668, 'spearman': 0.055777441690587154, 'rmse': 0.015078641369268207, 'train_end': 8146, 'inner_train_end': 7965, 'stopping_start': 7967, 'stopping_end': 8146, 'validation_start': 8148, 'validation_end': 8327, 'best_iteration': 112, 'prediction_constant': False, 'allocation_mean': 0.3333333333333333}, {'fold': 3, 'adjusted_sharpe': 0.13054300794960508, 'raw_sharpe': 0.19805225776001387, 'strategy_volatility': 0.03611188507906554, 'market_volatility': 0.12971198860867603, 'cumulative_return': 0.04178884607011184, 'max_drawdown': 0.01704645, 'volatility_penalty': 1.0, 'return_penalty': 1.5171418283579778, 'metric_errors': [], 'r2': 0.0014984737457431896, 'spearman': 0.13927913338807268, 'rmse': 0.008142648197575505, 'train_end': 8326, 'inner_train_end': 8145, 'stopping_start': 8147, 'stopping_end': 8326, 'validation_start': 8328, 'validation_end': 8507, 'best_iteration': 75, 'prediction_constant': False, 'allocation_mean': 0.044444444444444446}, {'fold': 4, 'adjusted_sharpe': 0.12179193739380247, 'raw_sharpe': 0.8056943915214553, 'strategy_volatility': 0.05021996691769407, 'market_volatility': 0.1112305968042878, 'cumulative_return': 0.06856200453752907, 'max_drawdown': 0.034953050538039855, 'volatility_penalty': 1.0, 'return_penalty': 6.615334387171462, 'metric_errors': [], 'r2': -0.019073389171839317, 'spearman': 0.020607888675478678, 'rmse': 0.00705371949526549, 'train_end': 8506, 'inner_train_end': 8325, 'stopping_start': 8327, 'stopping_end': 8506, 'validation_start': 8508, 'validation_end': 8687, 'best_iteration': 71, 'prediction_constant': False, 'allocation_mean': 0.1388888888888889}, {'fold': 5, 'adjusted_sharpe': -0.15725677289492482, 'raw_sharpe': -0.19624795526130637, 'strategy_volatility': 0.14572553408253855, 'market_volatility': 0.1478664678841467, 'cumulative_return': 0.012170210170992526, 'max_drawdown': 0.10035402840141124, 'volatility_penalty': 1.0, 'return_penalty': 1.2479459653698637, 'metric_errors': [], 'r2': -0.0006795578163620863, 'spearman': -0.022378656594844636, 'rmse': 0.00929120973714079, 'train_end': 8686, 'inner_train_end': 8505, 'stopping_start': 8507, 'stopping_end': 8686, 'validation_start': 8688, 'validation_end': 8867, 'best_iteration': 4, 'prediction_constant': False, 'allocation_mean': 0.9277777777777778}]",,COMPLETE
3,0.6085029978988297,2026-09-16 01:09:44.952682,2026-09-16 01:09:47.366019,0 days 00:00:02.413337,0.6390688456025535,0.013935084376708307,3,38,0.0009488855372533333,1333,8,0.07286653737491042,1.7123375973163988,0.7218455076693483,"[{'fold': 1, 'adjusted_sharpe': -0.02794071356283844, 'raw_sharpe': -0.02794071356283844, 'strategy_volatility': 0.16631496601266257, 'market_volatility': 0.18405361319648608, 'cumulative_return': -0.0018071754590015339, 'max_drawdown': 0.12828488573645347, 'volatility_penalty': 1.0, 'return_penalty': 1.0, 'metric_errors': [], 'r2': 0.0042464449479664435, 'spearman': 0.04471331419694023, 'rmse': 0.011537894866083342, 'train_end': 7966, 'inner_train_end': 7785, 'stopping_start': 7787, 'stopping_end': 7966, 'validation_start': 7968, 'validation_end': 8147, 'best_iteration': 142, 'prediction_constant': False, 'allocation_mean': 0.6444444444444445}, {'fold': 2, 'adjusted_sharpe': 0.17653099801247213, 'raw_sharpe': 0.17653099801247213, 'strategy_volatility': 0.19181075951452992, 'market_volatility': 0.24061547890237955, 'cumulative_return': 0.046042615374639155, 'max_drawdown': 0.1292055267381639, 'volatility_penalty': 1.0, 'return_penalty': 1.0, 'metric_errors': [], 'r2': 0.0024418603971103625, 'spearman': 0.08140374702922928, 'rmse': 0.015111606175060808, 'train_end': 8146, 'inner_train_end': 7965, 'stopping_start': 7967, 'stopping_end': 8146, 'validation_start': 8148, 'validation_end': 8327, 'best_iteration': 113, 'prediction_constant': False, 'allocation_mean': 0.4777777777777778}, {'fold': 3, 'adjusted_sharpe': 0.2564022185432854, 'raw_sharpe': 0.3650404987093921, 'strategy_volatility': 0.03827568254646557, 'market_volatility': 0.12971198860867603, 'cumulative_return': 0.04687503285833421, 'max_drawdown': 0.01704645, 'volatility_penalty': 1.0, 'return_penalty': 1.4237025747410474, 'metric_errors': [], 'r2': -0.003456321328335621, 'spearman': 0.088041811990082, 'rmse': 0.00816282604679563, 'train_end': 8326, 'inner_train_end': 8145, 'stopping_start': 8147, 'stopping_end': 8326, 'validation_start': 8328, 'validation_end': 8507, 'best_iteration': 229, 'prediction_constant': False, 'allocation_mean': 0.05}, {'fold': 4, 'adjusted_sharpe': 2.4941780548716257, 'raw_sharpe': 2.4941780548716257, 'strategy_volatility': 0.1112305968042878, 'market_volatility': 0.1112305968042878, 'cumulative_return': 0.26545899123234523, 'max_drawdown': 0.05876421390677162, 'volatility_penalty': 1.0, 'return_penalty': 1.0, 'metric_errors': [], 'r2': -0.012666135412851665, 'spearman': -0.010199991764529973, 'rmse': 0.007031509988867831, 'train_end': 8506, 'inner_train_end': 8325, 'stopping_start': 8327, 'stopping_end': 8506, 'validation_start': 8508, 'validation_end': 8687, 'best_iteration': 1, 'prediction_constant': False, 'allocation_mean': 1.0}, {'fold': 5, 'adjusted_sharpe': 0.143344431629604, 'raw_sharpe': 0.143344431629604, 'strategy_volatility': 0.1478664678841467, 'market_volatility': 0.1478664678841467, 'cumulative_return': 0.048811456878790564, 'max_drawdown': 0.10035402840141125, 'volatility_penalty': 1.0, 'return_penalty': 1.0, 'metric_errors': [], 'r2': -0.0004220646339436751, 'spearman': 0.1824857685141529, 'rmse': 0.009290014260992392, 'train_end': 8686, 'inner_train_end': 8505, 'stopping_start': 8507, 'stopping_end': 8686, 'validation_start': 8688, 'validation_end': 8867, 'best_iteration': 1, 'prediction_constant': False, 'allocation_mean': 1.0}]",,COMPLETE
4,0.8077963838111915,2026-09-16 01:09:47.371815,2026-09-16 01:09:49.588162,0 days 00:00:02.216347,0.8080272084711243,0.02621036302731938,7,29,0.0009093204020787821,507,61,0.00010842262717330161,0.4467752817973907,0.7246844304357644,"[{'fold': 1, 'adjusted_sharpe': 1.1934607654278833, 'raw_sharpe': 1.1934607654278833, 'strategy_volatility': 0.13968098653834293, 'market_volatility': 0.18405361319648608, 'cumulative_return': 0.12810939346165023, 'max_drawdown': 0.08368751703237384, 'volatility_penalty': 1.0, 'return_penalty': 1.0, 'metric_errors': [], 'r2': 0.008703068338080322, 'spearman': 0.12853075461553576, 'rmse': 0.011512046243574364, 'train_end': 7966, 'inner_train_end': 7785, 'stopping_start': 7787, 'stopping_end': 7966, 'validation_start': 7968, 'validation_end': 8147, 'best_iteration': 33, 'prediction_constant': False, 'allocation_mean': 0.5055555555555555}, {'fold': 2, 'adjusted_sharpe': 0.6710068463703737, 'raw_sharpe': 0.6710068463703737, 'strategy_volatility': 0.16315408850163185, 'market_volatility': 0.24061547890237955, 'cumulative_return': 0.10407464294562481, 'max_drawdown': 0.09233386151873343, 'volatility_penalty': 1.0, 'return_penalty': 1.0, 'metric_errors': [], 'r2': -0.0036587257548075236, 'spearman': 0.04675452946078582, 'rmse': 0.015157743404634494, 'train_end': 8146, 'inner_train_end': 7965, 'stopping_start': 7967, 'stopping_end': 8146, 'validation_start': 8148, 'validation_end': 8327, 'best_iteration': 92, 'prediction_constant': False, 'allocation_mean': 0.38333333333333336}, {'fold': 3, 'adjusted_sharpe': 2.1619920974013156, 'raw_sharpe': 2.1619920974013156, 'strategy_volatility': 0.051952517594211135, 'market_volatility': 0.12971198860867603, 'cumulative_return': 0.12302704615817646, 'max_drawdown': 0.013386070000000005, 'volatility_penalty': 1.0, 'return_penalty': 1.0, 'metric_errors': [], 'r2': -0.00023902768106265349, 'spearman': 0.06359109755125142, 'rmse': 0.008149729665721972, 'train_end': 8326, 'inner_train_end': 8145, 'stopping_start': 8147, 'stopping_end': 8326, 'validation_start': 8328, 'validation_end': 8507, 'best_iteration': 44, 'prediction_constant': False, 'allocation_mean': 0.11666666666666667}, {'fold': 4, 'adjusted_sharpe': -0.13082222177321962, 'raw_sharpe': -1.186613382645589, 'strategy_volatility': 0.005609284519302165, 'market_volatility': 0.1112305968042878, 'cumulative_return': 0.03320660014945302, 'max_drawdown': 0.004532784, 'volatility_penalty': 1.0, 'return_penalty': 9.070426771245208, 'metric_errors': [], 'r2': -0.013488544575525507, 'spearman': -0.04888557704334518, 'rmse': 0.007034364633866427, 'train_end': 8506, 'inner_train_end': 8325, 'stopping_start': 8327, 'stopping_end': 8506, 'validation_start': 8508, 'validation_end': 8687, 'best_iteration': 2, 'prediction_constant': False, 'allocation_mean': 0.005555555555555556}, {'fold': 5, 'adjusted_sharpe': 0.143344431629604, 'raw_sharpe': 0.143344431629604, 'strategy_volatility': 0.1478664678841467, 'market_volatility': 0.1478664678841467, 'cumulative_return': 0.048811456878790564, 'max_drawdown': 0.10035402840141125, 'volatility_penalty': 1.0, 'return_penalty': 1.0, 'metric_errors': [], 'r2': -0.0017513840695559946, 'spearman': -0.07636040904835316, 'rmse': 0.009296184305282786, 'train_end': 8686, 'inner_train_end': 8505, 'stopping_start': 8507, 'stopping_end': 8686, 'validation_start': 8688, 'validation_end': 8867, 'best_iteration': 1, 'prediction_constant': False, 'allocation_mean': 1.0}]",,COMPLETE
5,0.391148340976281,2026-09-16 01:09:49.594687,2026-09-16 01:09:51.428195,0 days 00:00:01.833508,0.6783931449676581,0.045192173574461855,6,283,0.0008948273504276489,1949,18,0.002463768595899745,4.869640941520899,0.6353970008207678,"[{'fold': 1, 'adjusted_sharpe': -0.28608687333396254, 'raw_sharpe': -0.29013590619160307, 'strategy_volatility': 0.16655461704545665, 'market_volatility': 0.18405361319648608, 'cumulative_return': -0.03247078761596245, 'max_drawdown': 0.13197437162047015, 'volatility_penalty': 1.0, 'return_penalty': 1.014153158481039, 'metric_errors': [], 'r2': 0.0017588650856456, 'spearman': 0.028957280687123867, 'rmse': 0.011552297793261172, 'train_end': 7966, 'inner_train_end': 7785, 'stopping_start': 7787, 'stopping_end': 7966, 'validation_start': 7968, 'validation_end': 8147, 'best_iteration': 32, 'prediction_constant': False, 'allocation_mean': 0.7055555555555556}, {'fold': 2, 'adjusted_sharpe': -0.03306150225333686, 'raw_sharpe': -0.03306150225333686, 'strategy_volatility': 0.15178583571937945, 'market_volatility': 0.24061547890237955, 'cumulative_return': 0.01740196868800091, 'max_drawdown': 0.1026124710669852, 'volatility_penalty': 1.0, 'return_penalty': 1.0, 'metric_errors': [], 'r2': 0.002132561629527241, 'spearman': 0.012774056812453059, 'rmse': 0.015113948714676482, 'train_end': 8146, 'inner_train_end': 7965, 'stopping_start': 7967, 'stopping_end': 8146, 'validation_start': 8148, 'validation_end': 8327, 'best_iteration': 71, 'prediction_constant': False, 'allocation_mean': 0.2722222222222222}, {'fold': 3, 'adjusted_sharpe': 1.2552360519204049, 'raw_sharpe': 1.5322753128622404, 'strategy_volatility': 0.020939553597350426, 'market_volatility': 0.12971198860867603, 'cumulative_return': 0.060503244374394985, 'max_drawdown': 0.002248545, 'volatility_penalty': 1.0, 'return_penalty': 1.2207069025128692, 'metric_errors': [], 'r2': -0.007234536606707476, 'spearman': 0.06840338097029669, 'rmse': 0.008178178951247093, 'train_end': 8326, 'inner_train_end': 8145, 'stopping_start': 8147, 'stopping_end': 8326, 'validation_start': 8328, 'validation_end': 8507, 'best_iteration': 63, 'prediction_constant': False, 'allocation_mean': 0.03333333333333333}, {'fold': 4, 'adjusted_sharpe': 0.545537929686867, 'raw_sharpe': 1.779395592113916, 'strategy_volatility': 0.07139420515232875, 'market_volatility': 0.1112305968042878, 'cumulative_return': 0.1366906487897295, 'max_drawdown': 0.04585064503896247, 'volatility_penalty': 1.0, 'return_penalty': 3.2617266284954196, 'metric_errors': [], 'r2': -0.015278635613894087, 'spearman': 0.09952245362365864, 'rmse': 0.007040574175054157, 'train_end': 8506, 'inner_train_end': 8325, 'stopping_start': 8327, 'stopping_end': 8506, 'validation_start': 8508, 'validation_end': 8687, 'best_iteration': 25, 'prediction_constant': False, 'allocation_mean': 0.26666666666666666}, {'fold': 5, 'adjusted_sharpe': 0.4741160988614326, 'raw_sharpe': 0.4741160988614326, 'strategy_volatility': 0.14407259766411723, 'market_volatility': 0.1478664678841467, 'cumulative_return': 0.08469177219074192, 'max_drawdown': 0.10035402840141125, 'volatility_penalty': 1.0, 'return_penalty': 1.0, 'metric_errors': [], 'r2': -0.00018690479681082728, 'spearman': 0.042223536219498634, 'rmse': 0.009288922338536107, 'train_end': 8686, 'inner_train_end': 8505, 'stopping_start': 8507, 'stopping_end': 8686, 'validation_start': 8688, 'validation_end': 8867, 'best_iteration': 2, 'prediction_constant': False, 'allocation_mean': 0.95}]",,COMPLETE
